<?xml version="1.0" encoding="UTF-8"?>
<coverage generated="1779624290936" clover="3.2.0">
  <project timestamp="1779624290936" name="All files">
    <metrics statements="646" coveredstatements="629" conditionals="297" coveredconditionals="240" methods="179" coveredmethods="170" elements="1122" coveredelements="1039" complexity="0" loc="646" ncloc="646" packages="5" files="30" classes="30"/>
    <package name="composables">
      <metrics statements="39" coveredstatements="35" conditionals="14" coveredconditionals="10" methods="9" coveredmethods="7"/>
      <file name="useCanvasTool.ts" path="/Users/bhurivaj/Desktop/Works/dev/web app/structural_analysis/app/src/composables/useCanvasTool.ts">
        <metrics statements="14" coveredstatements="10" conditionals="6" coveredconditionals="2" methods="4" coveredmethods="2"/>
        <line num="5" count="1" type="stmt"/>
        <line num="6" count="1" type="stmt"/>
        <line num="7" count="1" type="stmt"/>
        <line num="8" count="1" type="stmt"/>
        <line num="12" count="21" type="stmt"/>
        <line num="13" count="21" type="cond" truecount="2" falsecount="0"/>
        <line num="14" count="18" type="stmt"/>
        <line num="15" count="18" type="stmt"/>
        <line num="16" count="18" type="stmt"/>
        <line num="21" count="0" type="cond" truecount="0" falsecount="2"/>
        <line num="22" count="0" type="cond" truecount="0" falsecount="2"/>
        <line num="23" count="0" type="stmt"/>
        <line num="27" count="0" type="stmt"/>
        <line num="30" count="21" type="stmt"/>
      </file>
      <file name="useSessionCache.ts" path="/Users/bhurivaj/Desktop/Works/dev/web app/structural_analysis/app/src/composables/useSessionCache.ts">
        <metrics statements="25" coveredstatements="25" conditionals="8" coveredconditionals="8" methods="5" coveredmethods="5"/>
        <line num="7" count="1" type="stmt"/>
        <line num="19" count="10" type="stmt"/>
        <line num="20" count="10" type="stmt"/>
        <line num="21" count="10" type="cond" truecount="2" falsecount="0"/>
        <line num="22" count="7" type="stmt"/>
        <line num="23" count="7" type="cond" truecount="4" falsecount="0"/>
        <line num="24" count="5" type="stmt"/>
        <line num="26" count="1" type="stmt"/>
        <line num="31" count="6" type="stmt"/>
        <line num="32" count="6" type="stmt"/>
        <line num="33" count="6" type="stmt"/>
        <line num="34" count="6" type="stmt"/>
        <line num="35" count="6" type="stmt"/>
        <line num="42" count="6" type="stmt"/>
        <line num="43" count="6" type="stmt"/>
        <line num="50" count="4" type="stmt"/>
        <line num="51" count="4" type="cond" truecount="2" falsecount="0"/>
        <line num="52" count="3" type="stmt"/>
        <line num="53" count="3" type="stmt"/>
        <line num="54" count="3" type="stmt"/>
        <line num="55" count="3" type="stmt"/>
        <line num="60" count="3" type="stmt"/>
        <line num="61" count="3" type="stmt"/>
        <line num="65" count="2" type="stmt"/>
        <line num="68" count="17" type="stmt"/>
      </file>
    </package>
    <package name="data.steelProfiles">
      <metrics statements="9" coveredstatements="9" conditionals="0" coveredconditionals="0" methods="0" coveredmethods="0"/>
      <file name="index.ts" path="/Users/bhurivaj/Desktop/Works/dev/web app/structural_analysis/app/src/data/steelProfiles/index.ts">
        <metrics statements="0" coveredstatements="0" conditionals="0" coveredconditionals="0" methods="0" coveredmethods="0"/>
      </file>
      <file name="tis_c.ts" path="/Users/bhurivaj/Desktop/Works/dev/web app/structural_analysis/app/src/data/steelProfiles/tis_c.ts">
        <metrics statements="1" coveredstatements="1" conditionals="0" coveredconditionals="0" methods="0" coveredmethods="0"/>
        <line num="3" count="1" type="stmt"/>
      </file>
      <file name="tis_chs.ts" path="/Users/bhurivaj/Desktop/Works/dev/web app/structural_analysis/app/src/data/steelProfiles/tis_chs.ts">
        <metrics statements="1" coveredstatements="1" conditionals="0" coveredconditionals="0" methods="0" coveredmethods="0"/>
        <line num="3" count="1" type="stmt"/>
      </file>
      <file name="tis_h.ts" path="/Users/bhurivaj/Desktop/Works/dev/web app/structural_analysis/app/src/data/steelProfiles/tis_h.ts">
        <metrics statements="1" coveredstatements="1" conditionals="0" coveredconditionals="0" methods="0" coveredmethods="0"/>
        <line num="3" count="1" type="stmt"/>
      </file>
      <file name="tis_i.ts" path="/Users/bhurivaj/Desktop/Works/dev/web app/structural_analysis/app/src/data/steelProfiles/tis_i.ts">
        <metrics statements="1" coveredstatements="1" conditionals="0" coveredconditionals="0" methods="0" coveredmethods="0"/>
        <line num="3" count="1" type="stmt"/>
      </file>
      <file name="tis_l.ts" path="/Users/bhurivaj/Desktop/Works/dev/web app/structural_analysis/app/src/data/steelProfiles/tis_l.ts">
        <metrics statements="1" coveredstatements="1" conditionals="0" coveredconditionals="0" methods="0" coveredmethods="0"/>
        <line num="3" count="1" type="stmt"/>
      </file>
      <file name="tis_llc.ts" path="/Users/bhurivaj/Desktop/Works/dev/web app/structural_analysis/app/src/data/steelProfiles/tis_llc.ts">
        <metrics statements="1" coveredstatements="1" conditionals="0" coveredconditionals="0" methods="0" coveredmethods="0"/>
        <line num="3" count="1" type="stmt"/>
      </file>
      <file name="tis_rhs.ts" path="/Users/bhurivaj/Desktop/Works/dev/web app/structural_analysis/app/src/data/steelProfiles/tis_rhs.ts">
        <metrics statements="1" coveredstatements="1" conditionals="0" coveredconditionals="0" methods="0" coveredmethods="0"/>
        <line num="3" count="1" type="stmt"/>
      </file>
      <file name="tis_rp.ts" path="/Users/bhurivaj/Desktop/Works/dev/web app/structural_analysis/app/src/data/steelProfiles/tis_rp.ts">
        <metrics statements="1" coveredstatements="1" conditionals="0" coveredconditionals="0" methods="0" coveredmethods="0"/>
        <line num="3" count="1" type="stmt"/>
      </file>
      <file name="tis_wf.ts" path="/Users/bhurivaj/Desktop/Works/dev/web app/structural_analysis/app/src/data/steelProfiles/tis_wf.ts">
        <metrics statements="1" coveredstatements="1" conditionals="0" coveredconditionals="0" methods="0" coveredmethods="0"/>
        <line num="3" count="1" type="stmt"/>
      </file>
    </package>
    <package name="solver">
      <metrics statements="304" coveredstatements="299" conditionals="100" coveredconditionals="88" methods="57" coveredmethods="55"/>
      <file name="assembler.ts" path="/Users/bhurivaj/Desktop/Works/dev/web app/structural_analysis/app/src/solver/assembler.ts">
        <metrics statements="20" coveredstatements="20" conditionals="4" coveredconditionals="4" methods="7" coveredmethods="7"/>
        <line num="7" count="52" type="stmt"/>
        <line num="8" count="52" type="stmt"/>
        <line num="9" count="52" type="stmt"/>
        <line num="18" count="234" type="stmt"/>
        <line num="20" count="33" type="stmt"/>
        <line num="21" count="71" type="stmt"/>
        <line num="22" count="127" type="stmt"/>
        <line num="23" count="52" type="stmt"/>
        <line num="24" count="52" type="stmt"/>
        <line num="26" count="52" type="stmt"/>
        <line num="27" count="52" type="stmt"/>
        <line num="28" count="52" type="stmt"/>
        <line num="30" count="52" type="stmt"/>
        <line num="31" count="52" type="stmt"/>
        <line num="32" count="52" type="stmt"/>
        <line num="34" count="52" type="cond" truecount="4" falsecount="0"/>
        <line num="38" count="52" type="stmt"/>
        <line num="39" count="286" type="stmt"/>
        <line num="40" count="1612" type="stmt"/>
        <line num="43" count="33" type="stmt"/>
      </file>
      <file name="boundaryConditions.ts" path="/Users/bhurivaj/Desktop/Works/dev/web app/structural_analysis/app/src/solver/boundaryConditions.ts">
        <metrics statements="22" coveredstatements="22" conditionals="10" coveredconditionals="10" methods="3" coveredmethods="3"/>
        <line num="15" count="268" type="stmt"/>
        <line num="16" count="40" type="stmt"/>
        <line num="18" count="40" type="stmt"/>
        <line num="19" count="97" type="stmt"/>
        <line num="20" count="97" type="stmt"/>
        <line num="21" count="97" type="stmt"/>
        <line num="22" count="130" type="stmt"/>
        <line num="23" count="130" type="stmt"/>
        <line num="27" count="40" type="stmt"/>
        <line num="31" count="97" type="stmt"/>
        <line num="32" count="97" type="stmt"/>
        <line num="34" count="97" type="cond" truecount="4" falsecount="0"/>
        <line num="36" count="20" type="stmt"/>
        <line num="37" count="20" type="cond" truecount="4" falsecount="0"/>
        <line num="38" count="20" type="stmt"/>
        <line num="40" count="29" type="stmt"/>
        <line num="41" count="29" type="stmt"/>
        <line num="43" count="16" type="cond" truecount="2" falsecount="0"/>
        <line num="44" count="15" type="stmt"/>
        <line num="45" count="16" type="stmt"/>
        <line num="47" count="32" type="stmt"/>
        <line num="50" count="97" type="stmt"/>
      </file>
      <file name="buildFactoredLoads.ts" path="/Users/bhurivaj/Desktop/Works/dev/web app/structural_analysis/app/src/solver/buildFactoredLoads.ts">
        <metrics statements="9" coveredstatements="9" conditionals="6" coveredconditionals="6" methods="5" coveredmethods="5"/>
        <line num="5" count="9" type="cond" truecount="2" falsecount="0"/>
        <line num="6" count="7" type="stmt"/>
        <line num="8" count="2" type="cond" truecount="2" falsecount="0"/>
        <line num="9" count="1" type="stmt"/>
        <line num="11" count="1" type="stmt"/>
        <line num="15" count="9" type="stmt"/>
        <line num="16" count="11" type="stmt"/>
        <line num="17" count="18" type="cond" truecount="2" falsecount="0"/>
        <line num="18" count="9" type="stmt"/>
      </file>
      <file name="dof.ts" path="/Users/bhurivaj/Desktop/Works/dev/web app/structural_analysis/app/src/solver/dof.ts">
        <metrics statements="9" coveredstatements="9" conditionals="0" coveredconditionals="0" methods="4" coveredmethods="4"/>
        <line num="4" count="5" type="stmt"/>
        <line num="10" count="55" type="stmt"/>
        <line num="11" count="55" type="stmt"/>
        <line num="12" count="55" type="stmt"/>
        <line num="13" count="126" type="stmt"/>
        <line num="14" count="347" type="stmt"/>
        <line num="15" count="126" type="stmt"/>
        <line num="17" count="55" type="stmt"/>
        <line num="21" count="39" type="stmt"/>
      </file>
      <file name="elementStiffness.ts" path="/Users/bhurivaj/Desktop/Works/dev/web app/structural_analysis/app/src/solver/elementStiffness.ts">
        <metrics statements="44" coveredstatements="44" conditionals="0" coveredconditionals="0" methods="5" coveredmethods="5"/>
        <line num="12" count="1192" type="stmt"/>
        <line num="16" count="46" type="stmt"/>
        <line num="17" count="46" type="stmt"/>
        <line num="18" count="46" type="stmt"/>
        <line num="19" count="46" type="stmt"/>
        <line num="20" count="46" type="stmt"/>
        <line num="21" count="46" type="stmt"/>
        <line num="22" count="46" type="stmt"/>
        <line num="25" count="46" type="stmt"/>
        <line num="26" count="46" type="stmt"/>
        <line num="27" count="46" type="stmt"/>
        <line num="28" count="46" type="stmt"/>
        <line num="29" count="46" type="stmt"/>
        <line num="30" count="46" type="stmt"/>
        <line num="31" count="46" type="stmt"/>
        <line num="34" count="46" type="stmt"/>
        <line num="35" count="46" type="stmt"/>
        <line num="36" count="46" type="stmt"/>
        <line num="37" count="46" type="stmt"/>
        <line num="38" count="46" type="stmt"/>
        <line num="39" count="46" type="stmt"/>
        <line num="40" count="46" type="stmt"/>
        <line num="43" count="46" type="stmt"/>
        <line num="47" count="22" type="stmt"/>
        <line num="48" count="22" type="stmt"/>
        <line num="49" count="22" type="stmt"/>
        <line num="52" count="22" type="stmt"/>
        <line num="53" count="22" type="stmt"/>
        <line num="54" count="22" type="stmt"/>
        <line num="55" count="22" type="stmt"/>
        <line num="56" count="22" type="stmt"/>
        <line num="57" count="22" type="stmt"/>
        <line num="61" count="46" type="stmt"/>
        <line num="63" count="46" type="stmt"/>
        <line num="64" count="46" type="stmt"/>
        <line num="65" count="276" type="stmt"/>
        <line num="66" count="1656" type="stmt"/>
        <line num="67" count="9936" type="stmt"/>
        <line num="69" count="46" type="stmt"/>
        <line num="70" count="46" type="stmt"/>
        <line num="71" count="276" type="stmt"/>
        <line num="72" count="1656" type="stmt"/>
        <line num="73" count="9936" type="stmt"/>
        <line num="74" count="46" type="stmt"/>
      </file>
      <file name="envelopeAnalysis.ts" path="/Users/bhurivaj/Desktop/Works/dev/web app/structural_analysis/app/src/solver/envelopeAnalysis.ts">
        <metrics statements="35" coveredstatements="35" conditionals="16" coveredconditionals="14" methods="3" coveredmethods="3"/>
        <line num="4" count="5" type="stmt"/>
        <line num="5" count="5" type="stmt"/>
        <line num="6" count="7" type="stmt"/>
        <line num="9" count="5" type="stmt"/>
        <line num="11" count="5" type="stmt"/>
        <line num="12" count="6" type="stmt"/>
        <line num="13" count="6" type="stmt"/>
        <line num="14" count="6" type="stmt"/>
        <line num="15" count="6" type="stmt"/>
        <line num="16" count="6" type="stmt"/>
        <line num="17" count="6" type="stmt"/>
        <line num="18" count="6" type="stmt"/>
        <line num="19" count="6" type="stmt"/>
        <line num="21" count="6" type="stmt"/>
        <line num="22" count="9" type="stmt"/>
        <line num="23" count="9" type="cond" truecount="2" falsecount="0"/>
        <line num="25" count="7" type="stmt"/>
        <line num="26" count="16" type="cond" truecount="4" falsecount="0"/>
        <line num="27" count="6" type="stmt"/>
        <line num="28" count="6" type="stmt"/>
        <line num="30" count="16" type="cond" truecount="4" falsecount="0"/>
        <line num="31" count="5" type="stmt"/>
        <line num="32" count="5" type="stmt"/>
        <line num="36" count="7" type="stmt"/>
        <line num="37" count="7" type="cond" truecount="1" falsecount="1"/>
        <line num="38" count="7" type="stmt"/>
        <line num="39" count="7" type="stmt"/>
        <line num="42" count="7" type="stmt"/>
        <line num="43" count="7" type="cond" truecount="1" falsecount="1"/>
        <line num="44" count="7" type="stmt"/>
        <line num="45" count="7" type="stmt"/>
        <line num="49" count="6" type="stmt"/>
        <line num="62" count="5" type="stmt"/>
        <line num="67" count="3" type="cond" truecount="2" falsecount="0"/>
        <line num="68" count="3" type="stmt"/>
      </file>
      <file name="index.ts" path="/Users/bhurivaj/Desktop/Works/dev/web app/structural_analysis/app/src/solver/index.ts">
        <metrics statements="45" coveredstatements="41" conditionals="16" coveredconditionals="11" methods="10" coveredmethods="9"/>
        <line num="17" count="38" type="cond" truecount="2" falsecount="0"/>
        <line num="18" count="3" type="stmt"/>
        <line num="20" count="35" type="cond" truecount="2" falsecount="0"/>
        <line num="21" count="1" type="stmt"/>
        <line num="24" count="35" type="stmt"/>
        <line num="25" count="34" type="cond" truecount="2" falsecount="0"/>
        <line num="26" count="1" type="stmt"/>
        <line num="29" count="33" type="stmt"/>
        <line num="30" count="33" type="stmt"/>
        <line num="31" count="33" type="stmt"/>
        <line num="32" count="33" type="stmt"/>
        <line num="33" count="33" type="stmt"/>
        <line num="34" count="33" type="stmt"/>
        <line num="35" count="33" type="stmt"/>
        <line num="36" count="33" type="stmt"/>
        <line num="37" count="33" type="stmt"/>
        <line num="39" count="33" type="stmt"/>
        <line num="41" count="52" type="stmt"/>
        <line num="44" count="33" type="stmt"/>
        <line num="45" count="33" type="stmt"/>
        <line num="46" count="234" type="stmt"/>
        <line num="47" count="33" type="stmt"/>
        <line num="50" count="33" type="stmt"/>
        <line num="51" count="33" type="stmt"/>
        <line num="54" count="33" type="stmt"/>
        <line num="55" count="33" type="stmt"/>
        <line num="56" count="33" type="stmt"/>
        <line num="59" count="33" type="stmt"/>
        <line num="60" count="33" type="stmt"/>
        <line num="61" count="71" type="stmt"/>
        <line num="62" count="52" type="cond" truecount="3" falsecount="1"/>
        <line num="63" count="0" type="stmt"/>
        <line num="64" count="0" type="stmt"/>
        <line num="68" count="33" type="cond" truecount="1" falsecount="1"/>
        <line num="70" count="33" type="stmt"/>
        <line num="78" count="33" type="stmt"/>
        <line num="79" count="52" type="stmt"/>
        <line num="82" count="33" type="stmt"/>
        <line num="83" count="38" type="stmt"/>
        <line num="85" count="33" type="stmt"/>
        <line num="86" count="33" type="stmt"/>
        <line num="90" count="33" type="cond" truecount="1" falsecount="1"/>
        <line num="91" count="0" type="stmt"/>
        <line num="98" count="33" type="stmt"/>
        <line num="100" count="0" type="stmt"/>
      </file>
      <file name="linearSolve.ts" path="/Users/bhurivaj/Desktop/Works/dev/web app/structural_analysis/app/src/solver/linearSolve.ts">
        <metrics statements="2" coveredstatements="2" conditionals="0" coveredconditionals="0" methods="2" coveredmethods="2"/>
        <line num="4" count="33" type="stmt"/>
        <line num="5" count="234" type="stmt"/>
      </file>
      <file name="loadVector.ts" path="/Users/bhurivaj/Desktop/Works/dev/web app/structural_analysis/app/src/solver/loadVector.ts">
        <metrics statements="52" coveredstatements="51" conditionals="22" coveredconditionals="19" methods="6" coveredmethods="5"/>
        <line num="5" count="0" type="stmt"/>
        <line num="20" count="52" type="stmt"/>
        <line num="22" count="52" type="stmt"/>
        <line num="23" count="54" type="cond" truecount="2" falsecount="0"/>
        <line num="24" count="29" type="stmt"/>
        <line num="25" count="29" type="cond" truecount="2" falsecount="0"/>
        <line num="26" count="28" type="stmt"/>
        <line num="27" count="28" type="stmt"/>
        <line num="28" count="25" type="cond" truecount="4" falsecount="0"/>
        <line num="29" count="4" type="stmt"/>
        <line num="30" count="4" type="cond" truecount="3" falsecount="1"/>
        <line num="31" count="4" type="stmt"/>
        <line num="32" count="21" type="cond" truecount="2" falsecount="0"/>
        <line num="33" count="20" type="stmt"/>
        <line num="37" count="52" type="stmt"/>
        <line num="47" count="24" type="stmt"/>
        <line num="48" count="20" type="cond" truecount="2" falsecount="0"/>
        <line num="49" count="23" type="stmt"/>
        <line num="50" count="42" type="stmt"/>
        <line num="51" count="19" type="stmt"/>
        <line num="52" count="19" type="stmt"/>
        <line num="53" count="19" type="stmt"/>
        <line num="54" count="19" type="stmt"/>
        <line num="59" count="19" type="stmt"/>
        <line num="60" count="19" type="stmt"/>
        <line num="61" count="19" type="stmt"/>
        <line num="62" count="19" type="stmt"/>
        <line num="63" count="19" type="stmt"/>
        <line num="64" count="19" type="stmt"/>
        <line num="68" count="19" type="stmt"/>
        <line num="69" count="19" type="stmt"/>
        <line num="73" count="19" type="cond" truecount="2" falsecount="0"/>
        <line num="75" count="18" type="stmt"/>
        <line num="76" count="18" type="stmt"/>
        <line num="77" count="18" type="stmt"/>
        <line num="78" count="18" type="stmt"/>
        <line num="83" count="1" type="stmt"/>
        <line num="84" count="1" type="stmt"/>
        <line num="85" count="1" type="stmt"/>
        <line num="86" count="1" type="stmt"/>
        <line num="87" count="1" type="stmt"/>
        <line num="88" count="1" type="stmt"/>
        <line num="89" count="1" type="stmt"/>
        <line num="90" count="1" type="stmt"/>
        <line num="93" count="19" type="stmt"/>
        <line num="94" count="19" type="stmt"/>
        <line num="96" count="19" type="stmt"/>
        <line num="97" count="19" type="stmt"/>
        <line num="98" count="19" type="cond" truecount="1" falsecount="1"/>
        <line num="100" count="19" type="stmt"/>
        <line num="101" count="19" type="stmt"/>
        <line num="102" count="19" type="cond" truecount="1" falsecount="1"/>
      </file>
      <file name="postProcessor.ts" path="/Users/bhurivaj/Desktop/Works/dev/web app/structural_analysis/app/src/solver/postProcessor.ts">
        <metrics statements="66" coveredstatements="66" conditionals="26" coveredconditionals="24" methods="12" coveredmethods="12"/>
        <line num="6" count="2" type="stmt"/>
        <line num="8" count="52" type="stmt"/>
        <line num="9" count="52" type="stmt"/>
        <line num="10" count="52" type="stmt"/>
        <line num="17" count="33" type="stmt"/>
        <line num="18" count="85" type="stmt"/>
        <line num="19" count="85" type="stmt"/>
        <line num="36" count="33" type="stmt"/>
        <line num="37" count="33" type="stmt"/>
        <line num="39" count="33" type="stmt"/>
        <line num="40" count="85" type="cond" truecount="2" falsecount="0"/>
        <line num="41" count="59" type="stmt"/>
        <line num="43" count="59" type="stmt"/>
        <line num="44" count="59" type="stmt"/>
        <line num="45" count="426" type="stmt"/>
        <line num="46" count="426" type="stmt"/>
        <line num="47" count="426" type="cond" truecount="4" falsecount="0"/>
        <line num="48" count="336" type="stmt"/>
        <line num="50" count="59" type="stmt"/>
        <line num="51" count="59" type="stmt"/>
        <line num="52" count="59" type="cond" truecount="4" falsecount="0"/>
        <line num="54" count="59" type="stmt"/>
        <line num="56" count="33" type="stmt"/>
        <line num="67" count="33" type="stmt"/>
        <line num="68" count="71" type="stmt"/>
        <line num="69" count="127" type="stmt"/>
        <line num="70" count="52" type="stmt"/>
        <line num="71" count="52" type="stmt"/>
        <line num="72" count="52" type="stmt"/>
        <line num="73" count="52" type="stmt"/>
        <line num="75" count="52" type="stmt"/>
        <line num="76" count="52" type="stmt"/>
        <line num="78" count="52" type="stmt"/>
        <line num="79" count="52" type="stmt"/>
        <line num="80" count="52" type="stmt"/>
        <line num="81" count="52" type="cond" truecount="2" falsecount="0"/>
        <line num="84" count="52" type="cond" truecount="2" falsecount="0"/>
        <line num="88" count="52" type="stmt"/>
        <line num="99" count="52" type="cond" truecount="2" falsecount="0"/>
        <line num="100" count="13" type="stmt"/>
        <line num="101" count="13" type="stmt"/>
        <line num="102" count="13" type="stmt"/>
        <line num="104" count="39" type="stmt"/>
        <line num="105" count="39" type="stmt"/>
        <line num="106" count="39" type="stmt"/>
        <line num="107" count="39" type="stmt"/>
        <line num="108" count="39" type="stmt"/>
        <line num="109" count="39" type="stmt"/>
        <line num="113" count="60" type="cond" truecount="2" falsecount="0"/>
        <line num="116" count="1092" type="stmt"/>
        <line num="117" count="52" type="stmt"/>
        <line num="118" count="52" type="stmt"/>
        <line num="119" count="52" type="stmt"/>
        <line num="121" count="52" type="stmt"/>
        <line num="122" count="1092" type="stmt"/>
        <line num="123" count="1092" type="stmt"/>
        <line num="124" count="1092" type="stmt"/>
        <line num="125" count="1092" type="stmt"/>
        <line num="127" count="1092" type="stmt"/>
        <line num="129" count="231" type="stmt"/>
        <line num="130" count="231" type="stmt"/>
        <line num="131" count="231" type="stmt"/>
        <line num="134" count="1092" type="stmt"/>
        <line num="135" count="1092" type="stmt"/>
        <line num="136" count="1092" type="stmt"/>
        <line num="139" count="52" type="stmt"/>
      </file>
    </package>
    <package name="stores">
      <metrics statements="158" coveredstatements="153" conditionals="68" coveredconditionals="57" methods="88" coveredmethods="84"/>
      <file name="loadCasesStore.ts" path="/Users/bhurivaj/Desktop/Works/dev/web app/structural_analysis/app/src/stores/loadCasesStore.ts">
        <metrics statements="32" coveredstatements="32" conditionals="18" coveredconditionals="15" methods="18" coveredmethods="18"/>
        <line num="5" count="2" type="stmt"/>
        <line num="13" count="2" type="stmt"/>
        <line num="15" count="2" type="stmt"/>
        <line num="16" count="110" type="stmt"/>
        <line num="17" count="22" type="stmt"/>
        <line num="19" count="22" type="stmt"/>
        <line num="20" count="4" type="cond" truecount="1" falsecount="1"/>
        <line num="24" count="20" type="cond" truecount="2" falsecount="0"/>
        <line num="25" count="3" type="stmt"/>
        <line num="30" count="5" type="stmt"/>
        <line num="31" count="5" type="stmt"/>
        <line num="32" count="5" type="stmt"/>
        <line num="33" count="5" type="stmt"/>
        <line num="37" count="6" type="stmt"/>
        <line num="38" count="1" type="cond" truecount="1" falsecount="1"/>
        <line num="42" count="15" type="stmt"/>
        <line num="43" count="3" type="cond" truecount="4" falsecount="0"/>
        <line num="44" count="12" type="stmt"/>
        <line num="45" count="2" type="cond" truecount="2" falsecount="0"/>
        <line num="46" count="1" type="cond" truecount="1" falsecount="1"/>
        <line num="51" count="31" type="stmt"/>
        <line num="52" count="6" type="stmt"/>
        <line num="56" count="6" type="stmt"/>
        <line num="57" count="6" type="stmt"/>
        <line num="58" count="6" type="cond" truecount="2" falsecount="0"/>
        <line num="59" count="5" type="stmt"/>
        <line num="60" count="5" type="stmt"/>
        <line num="61" count="20" type="stmt"/>
        <line num="62" count="1" type="stmt"/>
        <line num="64" count="6" type="cond" truecount="2" falsecount="0"/>
        <line num="65" count="1" type="stmt"/>
        <line num="72" count="22" type="stmt"/>
      </file>
      <file name="loadsStore.ts" path="/Users/bhurivaj/Desktop/Works/dev/web app/structural_analysis/app/src/stores/loadsStore.ts">
        <metrics statements="34" coveredstatements="32" conditionals="12" coveredconditionals="7" methods="30" coveredmethods="26"/>
        <line num="7" count="3" type="stmt"/>
        <line num="8" count="42" type="stmt"/>
        <line num="10" count="42" type="stmt"/>
        <line num="11" count="42" type="stmt"/>
        <line num="12" count="42" type="stmt"/>
        <line num="13" count="42" type="cond" truecount="2" falsecount="0"/>
        <line num="14" count="42" type="cond" truecount="2" falsecount="0"/>
        <line num="17" count="17" type="stmt"/>
        <line num="18" count="17" type="stmt"/>
        <line num="19" count="17" type="stmt"/>
        <line num="20" count="17" type="stmt"/>
        <line num="24" count="7" type="stmt"/>
        <line num="25" count="7" type="stmt"/>
        <line num="26" count="7" type="stmt"/>
        <line num="27" count="7" type="stmt"/>
        <line num="31" count="6" type="stmt"/>
        <line num="32" count="6" type="cond" truecount="1" falsecount="1"/>
        <line num="33" count="6" type="stmt"/>
        <line num="34" count="6" type="stmt"/>
        <line num="35" count="6" type="stmt"/>
        <line num="36" count="6" type="stmt"/>
        <line num="40" count="5" type="stmt"/>
        <line num="41" count="5" type="stmt"/>
        <line num="42" count="5" type="stmt"/>
        <line num="46" count="4" type="stmt"/>
        <line num="47" count="0" type="cond" truecount="0" falsecount="2"/>
        <line num="52" count="3" type="stmt"/>
        <line num="53" count="0" type="cond" truecount="0" falsecount="2"/>
        <line num="58" count="2" type="stmt"/>
        <line num="59" count="2" type="cond" truecount="2" falsecount="0"/>
        <line num="63" count="3" type="stmt"/>
        <line num="67" count="1" type="stmt"/>
        <line num="71" count="5" type="stmt"/>
        <line num="74" count="42" type="stmt"/>
      </file>
      <file name="steelProfileStore.ts" path="/Users/bhurivaj/Desktop/Works/dev/web app/structural_analysis/app/src/stores/steelProfileStore.ts">
        <metrics statements="23" coveredstatements="23" conditionals="14" coveredconditionals="14" methods="10" coveredmethods="10"/>
        <line num="6" count="1" type="stmt"/>
        <line num="7" count="21" type="stmt"/>
        <line num="8" count="21" type="stmt"/>
        <line num="9" count="21" type="stmt"/>
        <line num="10" count="21" type="stmt"/>
        <line num="12" count="21" type="stmt"/>
        <line num="13" count="10" type="stmt"/>
        <line num="14" count="3768" type="cond" truecount="4" falsecount="0"/>
        <line num="15" count="2266" type="cond" truecount="4" falsecount="0"/>
        <line num="16" count="1964" type="cond" truecount="4" falsecount="0"/>
        <line num="17" count="840" type="stmt"/>
        <line num="21" count="3375" type="stmt"/>
        <line num="23" count="21" type="stmt"/>
        <line num="24" count="2" type="stmt"/>
        <line num="25" count="2" type="stmt"/>
        <line num="26" count="377" type="cond" truecount="2" falsecount="0"/>
        <line num="27" count="377" type="stmt"/>
        <line num="28" count="377" type="stmt"/>
        <line num="30" count="2" type="stmt"/>
        <line num="34" count="3" type="stmt"/>
        <line num="38" count="33" type="stmt"/>
        <line num="42" count="751" type="stmt"/>
        <line num="45" count="21" type="stmt"/>
      </file>
      <file name="structureStore.ts" path="/Users/bhurivaj/Desktop/Works/dev/web app/structural_analysis/app/src/stores/structureStore.ts">
        <metrics statements="69" coveredstatements="66" conditionals="24" coveredconditionals="21" methods="30" coveredmethods="30"/>
        <line num="7" count="3" type="stmt"/>
        <line num="8" count="60" type="stmt"/>
        <line num="9" count="60" type="stmt"/>
        <line num="10" count="60" type="stmt"/>
        <line num="11" count="60" type="stmt"/>
        <line num="12" count="60" type="stmt"/>
        <line num="13" count="60" type="stmt"/>
        <line num="15" count="60" type="stmt"/>
        <line num="16" count="60" type="stmt"/>
        <line num="17" count="60" type="stmt"/>
        <line num="18" count="2" type="cond" truecount="2" falsecount="0"/>
        <line num="22" count="69" type="stmt"/>
        <line num="23" count="69" type="stmt"/>
        <line num="24" count="69" type="stmt"/>
        <line num="28" count="3" type="stmt"/>
        <line num="29" count="3" type="cond" truecount="2" falsecount="0"/>
        <line num="33" count="4" type="stmt"/>
        <line num="34" count="2" type="cond" truecount="2" falsecount="0"/>
        <line num="35" count="1" type="stmt"/>
        <line num="37" count="7" type="stmt"/>
        <line num="38" count="4" type="cond" truecount="2" falsecount="0"/>
        <line num="39" count="4" type="stmt"/>
        <line num="41" count="4" type="stmt"/>
        <line num="42" count="4" type="stmt"/>
        <line num="43" count="4" type="stmt"/>
        <line num="47" count="21" type="stmt"/>
        <line num="48" count="21" type="stmt"/>
        <line num="49" count="21" type="stmt"/>
        <line num="53" count="4" type="stmt"/>
        <line num="54" count="4" type="cond" truecount="2" falsecount="0"/>
        <line num="58" count="2" type="stmt"/>
        <line num="59" count="2" type="stmt"/>
        <line num="61" count="2" type="stmt"/>
        <line num="62" count="2" type="stmt"/>
        <line num="66" count="12" type="cond" truecount="2" falsecount="0"/>
        <line num="67" count="4" type="stmt"/>
        <line num="68" count="4" type="cond" truecount="2" falsecount="0"/>
        <line num="69" count="3" type="stmt"/>
        <line num="71" count="8" type="stmt"/>
        <line num="72" count="8" type="stmt"/>
        <line num="77" count="6" type="cond" truecount="1" falsecount="1"/>
        <line num="78" count="0" type="stmt"/>
        <line num="79" count="0" type="cond" truecount="0" falsecount="2"/>
        <line num="80" count="0" type="stmt"/>
        <line num="82" count="6" type="stmt"/>
        <line num="83" count="6" type="stmt"/>
        <line num="88" count="2" type="stmt"/>
        <line num="89" count="2" type="stmt"/>
        <line num="90" count="2" type="stmt"/>
        <line num="94" count="6" type="stmt"/>
        <line num="95" count="6" type="stmt"/>
        <line num="96" count="4" type="stmt"/>
        <line num="97" count="4" type="cond" truecount="2" falsecount="0"/>
        <line num="99" count="6" type="cond" truecount="2" falsecount="0"/>
        <line num="100" count="5" type="stmt"/>
        <line num="101" count="5" type="stmt"/>
        <line num="103" count="1" type="stmt"/>
        <line num="107" count="2" type="stmt"/>
        <line num="108" count="2" type="stmt"/>
        <line num="109" count="2" type="stmt"/>
        <line num="110" count="2" type="stmt"/>
        <line num="111" count="2" type="stmt"/>
        <line num="115" count="5" type="stmt"/>
        <line num="116" count="5" type="stmt"/>
        <line num="117" count="5" type="stmt"/>
        <line num="118" count="5" type="stmt"/>
        <line num="119" count="5" type="stmt"/>
        <line num="120" count="5" type="stmt"/>
        <line num="123" count="60" type="stmt"/>
      </file>
    </package>
    <package name="utils">
      <metrics statements="136" coveredstatements="133" conditionals="115" coveredconditionals="85" methods="25" coveredmethods="24"/>
      <file name="autoSize.ts" path="/Users/bhurivaj/Desktop/Works/dev/web app/structural_analysis/app/src/utils/autoSize.ts">
        <metrics statements="40" coveredstatements="40" conditionals="26" coveredconditionals="20" methods="15" coveredmethods="14"/>
        <line num="12" count="11" type="stmt"/>
        <line num="13" count="11" type="stmt"/>
        <line num="14" count="11" type="stmt"/>
        <line num="15" count="11" type="stmt"/>
        <line num="16" count="33" type="cond" truecount="1" falsecount="1"/>
        <line num="19" count="11" type="stmt"/>
        <line num="20" count="11" type="stmt"/>
        <line num="24" count="11" type="stmt"/>
        <line num="25" count="11" type="stmt"/>
        <line num="26" count="11" type="cond" truecount="3" falsecount="1"/>
        <line num="27" count="11" type="stmt"/>
        <line num="28" count="11" type="stmt"/>
        <line num="29" count="11" type="stmt"/>
        <line num="33" count="22" type="stmt"/>
        <line num="55" count="7" type="stmt"/>
        <line num="56" count="7" type="stmt"/>
        <line num="57" count="7" type="stmt"/>
        <line num="59" count="7" type="cond" truecount="2" falsecount="0"/>
        <line num="60" count="7" type="stmt"/>
        <line num="63" count="8" type="stmt"/>
        <line num="64" count="7" type="cond" truecount="2" falsecount="0"/>
        <line num="66" count="7" type="stmt"/>
        <line num="67" count="15" type="stmt"/>
        <line num="68" count="15" type="stmt"/>
        <line num="69" count="15" type="stmt"/>
        <line num="83" count="4" type="stmt"/>
        <line num="84" count="4" type="stmt"/>
        <line num="85" count="4" type="stmt"/>
        <line num="87" count="10" type="stmt"/>
        <line num="88" count="4" type="stmt"/>
        <line num="91" count="4" type="cond" truecount="4" falsecount="0"/>
        <line num="92" count="3" type="stmt"/>
        <line num="93" count="3" type="stmt"/>
        <line num="94" count="1" type="stmt"/>
        <line num="96" count="6" type="stmt"/>
        <line num="99" count="4" type="stmt"/>
        <line num="100" count="7" type="stmt"/>
        <line num="101" count="7" type="stmt"/>
        <line num="102" count="7" type="cond" truecount="2" falsecount="0"/>
        <line num="105" count="1" type="stmt"/>
      </file>
      <file name="designCheck.ts" path="/Users/bhurivaj/Desktop/Works/dev/web app/structural_analysis/app/src/utils/designCheck.ts">
        <metrics statements="92" coveredstatements="89" conditionals="89" coveredconditionals="65" methods="6" coveredmethods="6"/>
        <line num="55" count="35" type="stmt"/>
        <line num="56" count="35" type="stmt"/>
        <line num="58" count="35" type="stmt"/>
        <line num="59" count="35" type="stmt"/>
        <line num="60" count="35" type="stmt"/>
        <line num="62" count="35" type="cond" truecount="2" falsecount="0"/>
        <line num="63" count="5" type="cond" truecount="1" falsecount="1"/>
        <line num="64" count="5" type="stmt"/>
        <line num="65" count="5" type="stmt"/>
        <line num="68" count="30" type="cond" truecount="1" falsecount="1"/>
        <line num="69" count="30" type="cond" truecount="5" falsecount="0"/>
        <line num="70" count="3" type="stmt"/>
        <line num="71" count="3" type="stmt"/>
        <line num="72" count="3" type="stmt"/>
        <line num="74" count="3" type="cond" truecount="1" falsecount="1"/>
        <line num="77" count="3" type="stmt"/>
        <line num="79" count="27" type="stmt"/>
        <line num="83" count="30" type="cond" truecount="2" falsecount="0"/>
        <line num="85" count="25" type="cond" truecount="4" falsecount="0"/>
        <line num="86" count="24" type="stmt"/>
        <line num="87" count="24" type="cond" truecount="1" falsecount="1"/>
        <line num="89" count="1" type="stmt"/>
        <line num="91" count="25" type="cond" truecount="1" falsecount="1"/>
        <line num="94" count="30" type="cond" truecount="4" falsecount="0"/>
        <line num="95" count="30" type="cond" truecount="1" falsecount="1"/>
        <line num="96" count="30" type="stmt"/>
        <line num="101" count="35" type="cond" truecount="2" falsecount="0"/>
        <line num="102" count="5" type="stmt"/>
        <line num="105" count="30" type="cond" truecount="2" falsecount="0"/>
        <line num="108" count="30" type="stmt"/>
        <line num="112" count="35" type="cond" truecount="2" falsecount="0"/>
        <line num="113" count="23" type="cond" truecount="2" falsecount="0"/>
        <line num="115" count="12" type="stmt"/>
        <line num="118" count="35" type="stmt"/>
        <line num="136" count="9" type="stmt"/>
        <line num="138" count="9" type="stmt"/>
        <line num="139" count="10" type="stmt"/>
        <line num="140" count="10" type="cond" truecount="1" falsecount="1"/>
        <line num="142" count="10" type="stmt"/>
        <line num="143" count="10" type="stmt"/>
        <line num="144" count="10" type="stmt"/>
        <line num="146" count="10" type="stmt"/>
        <line num="147" count="26" type="cond" truecount="1" falsecount="1"/>
        <line num="150" count="10" type="stmt"/>
        <line num="153" count="10" type="stmt"/>
        <line num="154" count="10" type="stmt"/>
        <line num="155" count="10" type="stmt"/>
        <line num="156" count="10" type="stmt"/>
        <line num="157" count="10" type="stmt"/>
        <line num="158" count="10" type="stmt"/>
        <line num="159" count="10" type="stmt"/>
        <line num="161" count="10" type="cond" truecount="2" falsecount="0"/>
        <line num="162" count="2" type="stmt"/>
        <line num="163" count="2" type="cond" truecount="1" falsecount="1"/>
        <line num="164" count="2" type="stmt"/>
        <line num="165" count="2" type="cond" truecount="1" falsecount="1"/>
        <line num="166" count="2" type="cond" truecount="1" falsecount="1"/>
        <line num="167" count="2" type="cond" truecount="1" falsecount="1"/>
        <line num="168" count="2" type="cond" truecount="1" falsecount="1"/>
        <line num="169" count="2" type="cond" truecount="1" falsecount="1"/>
        <line num="170" count="2" type="cond" truecount="1" falsecount="1"/>
        <line num="174" count="10" type="stmt"/>
        <line num="175" count="10" type="stmt"/>
        <line num="176" count="10" type="stmt"/>
        <line num="177" count="10" type="cond" truecount="3" falsecount="1"/>
        <line num="178" count="10" type="stmt"/>
        <line num="179" count="10" type="stmt"/>
        <line num="180" count="10" type="stmt"/>
        <line num="183" count="10" type="cond" truecount="2" falsecount="0"/>
        <line num="185" count="10" type="stmt"/>
        <line num="186" count="10" type="stmt"/>
        <line num="188" count="10" type="stmt"/>
        <line num="197" count="10" type="stmt"/>
        <line num="204" count="10" type="stmt"/>
        <line num="214" count="9" type="stmt"/>
        <line num="226" count="3" type="stmt"/>
        <line num="228" count="3" type="stmt"/>
        <line num="229" count="3" type="stmt"/>
        <line num="238" count="3" type="stmt"/>
        <line num="239" count="3" type="stmt"/>
        <line num="240" count="3" type="cond" truecount="3" falsecount="1"/>
        <line num="241" count="3" type="stmt"/>
        <line num="246" count="3" type="stmt"/>
        <line num="258" count="10" type="cond" truecount="2" falsecount="0"/>
        <line num="259" count="6" type="cond" truecount="1" falsecount="1"/>
        <line num="261" count="6" type="cond" truecount="1" falsecount="1"/>
        <line num="262" count="6" type="stmt"/>
        <line num="263" count="6" type="cond" truecount="3" falsecount="1"/>
        <line num="264" count="6" type="stmt"/>
        <line num="265" count="0" type="cond" truecount="0" falsecount="4"/>
        <line num="266" count="0" type="stmt"/>
        <line num="268" count="0" type="stmt"/>
      </file>
      <file name="geometry.ts" path="/Users/bhurivaj/Desktop/Works/dev/web app/structural_analysis/app/src/utils/geometry.ts">
        <metrics statements="3" coveredstatements="3" conditionals="0" coveredconditionals="0" methods="3" coveredmethods="3"/>
        <line num="2" count="130" type="stmt"/>
        <line num="6" count="134" type="stmt"/>
        <line num="10" count="5" type="stmt"/>
      </file>
      <file name="idGen.ts" path="/Users/bhurivaj/Desktop/Works/dev/web app/structural_analysis/app/src/utils/idGen.ts">
        <metrics statements="1" coveredstatements="1" conditionals="0" coveredconditionals="0" methods="1" coveredmethods="1"/>
        <line num="2" count="120" type="stmt"/>
      </file>
    </package>
  </project>
</coverage>
