{"/Users/bhurivaj/Desktop/Works/dev/web app/structural_analysis/app/src/composables/useCanvasTool.ts": {"path":"/Users/bhurivaj/Desktop/Works/dev/web app/structural_analysis/app/src/composables/useCanvasTool.ts","statementMap":{"0":{"start":{"line":5,"column":6},"end":{"line":5,"column":null}},"1":{"start":{"line":6,"column":6},"end":{"line":6,"column":null}},"2":{"start":{"line":7,"column":6},"end":{"line":7,"column":null}},"3":{"start":{"line":8,"column":6},"end":{"line":8,"column":null}},"4":{"start":{"line":12,"column":4},"end":{"line":12,"column":null}},"5":{"start":{"line":13,"column":4},"end":{"line":17,"column":null}},"6":{"start":{"line":14,"column":6},"end":{"line":14,"column":null}},"7":{"start":{"line":15,"column":6},"end":{"line":15,"column":null}},"8":{"start":{"line":16,"column":6},"end":{"line":16,"column":null}},"9":{"start":{"line":21,"column":4},"end":{"line":21,"column":null}},"10":{"start":{"line":22,"column":4},"end":{"line":22,"column":null}},"11":{"start":{"line":23,"column":4},"end":{"line":23,"column":null}},"12":{"start":{"line":27,"column":4},"end":{"line":27,"column":null}},"13":{"start":{"line":30,"column":2},"end":{"line":34,"column":null}}},"fnMap":{"0":{"name":"useCanvasTool","decl":{"start":{"line":10,"column":16},"end":{"line":10,"column":32}},"loc":{"start":{"line":10,"column":32},"end":{"line":35,"column":null}},"line":10},"1":{"name":"setTool","decl":{"start":{"line":11,"column":11},"end":{"line":11,"column":19}},"loc":{"start":{"line":11,"column":37},"end":{"line":18,"column":null}},"line":11},"2":{"name":"setPendingLoadTarget","decl":{"start":{"line":20,"column":11},"end":{"line":20,"column":32}},"loc":{"start":{"line":20,"column":82},"end":{"line":24,"column":null}},"line":20},"3":{"name":"setEditingLoad","decl":{"start":{"line":26,"column":11},"end":{"line":26,"column":26}},"loc":{"start":{"line":26,"column":45},"end":{"line":28,"column":null}},"line":26}},"branchMap":{"0":{"loc":{"start":{"line":13,"column":4},"end":{"line":17,"column":null}},"type":"if","locations":[{"start":{"line":13,"column":4},"end":{"line":17,"column":null}},{"start":{},"end":{}}],"line":13},"1":{"loc":{"start":{"line":21,"column":30},"end":{"line":21,"column":null}},"type":"binary-expr","locations":[{"start":{"line":21,"column":30},"end":{"line":21,"column":40}},{"start":{"line":21,"column":40},"end":{"line":21,"column":null}}],"line":21},"2":{"loc":{"start":{"line":22,"column":32},"end":{"line":22,"column":null}},"type":"binary-expr","locations":[{"start":{"line":22,"column":32},"end":{"line":22,"column":44}},{"start":{"line":22,"column":44},"end":{"line":22,"column":null}}],"line":22}},"s":{"0":1,"1":1,"2":1,"3":1,"4":21,"5":21,"6":18,"7":18,"8":18,"9":0,"10":0,"11":0,"12":0,"13":21},"f":{"0":21,"1":21,"2":0,"3":0},"b":{"0":[18,3],"1":[0,0],"2":[0,0]},"meta":{"lastBranch":3,"lastFunction":4,"lastStatement":14,"seen":{"s:5:6:5:Infinity":0,"s:6:6:6:Infinity":1,"s:7:6:7:Infinity":2,"s:8:6:8:Infinity":3,"f:10:16:10:32":0,"f:11:11:11:19":1,"s:12:4:12:Infinity":4,"b:13:4:17:Infinity:undefined:undefined:undefined:undefined":0,"s:13:4:17:Infinity":5,"s:14:6:14:Infinity":6,"s:15:6:15:Infinity":7,"s:16:6:16:Infinity":8,"f:20:11:20:32":2,"s:21:4:21:Infinity":9,"b:21:30:21:40:21:40:21:Infinity":1,"s:22:4:22:Infinity":10,"b:22:32:22:44:22:44:22:Infinity":2,"s:23:4:23:Infinity":11,"f:26:11:26:26":3,"s:27:4:27:Infinity":12,"s:30:2:34:Infinity":13}}}
,"/Users/bhurivaj/Desktop/Works/dev/web app/structural_analysis/app/src/composables/useSessionCache.ts": {"path":"/Users/bhurivaj/Desktop/Works/dev/web app/structural_analysis/app/src/composables/useSessionCache.ts","statementMap":{"0":{"start":{"line":7,"column":20},"end":{"line":7,"column":null}},"1":{"start":{"line":19,"column":4},"end":{"line":27,"column":null}},"2":{"start":{"line":20,"column":18},"end":{"line":20,"column":null}},"3":{"start":{"line":21,"column":6},"end":{"line":21,"column":null}},"4":{"start":{"line":21,"column":16},"end":{"line":21,"column":null}},"5":{"start":{"line":22,"column":19},"end":{"line":22,"column":null}},"6":{"start":{"line":23,"column":6},"end":{"line":23,"column":null}},"7":{"start":{"line":23,"column":56},"end":{"line":23,"column":null}},"8":{"start":{"line":24,"column":6},"end":{"line":24,"column":null}},"9":{"start":{"line":26,"column":6},"end":{"line":26,"column":null}},"10":{"start":{"line":31,"column":10},"end":{"line":31,"column":null}},"11":{"start":{"line":32,"column":10},"end":{"line":32,"column":null}},"12":{"start":{"line":33,"column":10},"end":{"line":33,"column":null}},"13":{"start":{"line":34,"column":4},"end":{"line":46,"column":null}},"14":{"start":{"line":35,"column":40},"end":{"line":41,"column":null}},"15":{"start":{"line":42,"column":6},"end":{"line":42,"column":null}},"16":{"start":{"line":43,"column":6},"end":{"line":43,"column":null}},"17":{"start":{"line":50,"column":21},"end":{"line":50,"column":null}},"18":{"start":{"line":51,"column":4},"end":{"line":51,"column":null}},"19":{"start":{"line":51,"column":19},"end":{"line":51,"column":null}},"20":{"start":{"line":52,"column":10},"end":{"line":52,"column":null}},"21":{"start":{"line":53,"column":10},"end":{"line":53,"column":null}},"22":{"start":{"line":54,"column":10},"end":{"line":54,"column":null}},"23":{"start":{"line":55,"column":4},"end":{"line":59,"column":null}},"24":{"start":{"line":60,"column":4},"end":{"line":60,"column":null}},"25":{"start":{"line":61,"column":4},"end":{"line":61,"column":null}},"26":{"start":{"line":65,"column":4},"end":{"line":65,"column":null}},"27":{"start":{"line":68,"column":2},"end":{"line":68,"column":null}}},"fnMap":{"0":{"name":"useSessionCache","decl":{"start":{"line":17,"column":16},"end":{"line":17,"column":34}},"loc":{"start":{"line":17,"column":34},"end":{"line":69,"column":null}},"line":17},"1":{"name":"getSavedSession","decl":{"start":{"line":18,"column":11},"end":{"line":18,"column":53}},"loc":{"start":{"line":18,"column":53},"end":{"line":28,"column":null}},"line":18},"2":{"name":"saveSession","decl":{"start":{"line":30,"column":11},"end":{"line":30,"column":25}},"loc":{"start":{"line":30,"column":25},"end":{"line":47,"column":null}},"line":30},"3":{"name":"restoreSession","decl":{"start":{"line":49,"column":11},"end":{"line":49,"column":28}},"loc":{"start":{"line":49,"column":28},"end":{"line":62,"column":null}},"line":49},"4":{"name":"clearSavedSession","decl":{"start":{"line":64,"column":11},"end":{"line":64,"column":31}},"loc":{"start":{"line":64,"column":31},"end":{"line":66,"column":null}},"line":64}},"branchMap":{"0":{"loc":{"start":{"line":21,"column":6},"end":{"line":21,"column":null}},"type":"if","locations":[{"start":{"line":21,"column":6},"end":{"line":21,"column":null}},{"start":{},"end":{}}],"line":21},"1":{"loc":{"start":{"line":23,"column":6},"end":{"line":23,"column":null}},"type":"if","locations":[{"start":{"line":23,"column":6},"end":{"line":23,"column":null}},{"start":{},"end":{}}],"line":23},"2":{"loc":{"start":{"line":23,"column":10},"end":{"line":23,"column":56}},"type":"binary-expr","locations":[{"start":{"line":23,"column":10},"end":{"line":23,"column":33}},{"start":{"line":23,"column":33},"end":{"line":23,"column":56}}],"line":23},"3":{"loc":{"start":{"line":51,"column":4},"end":{"line":51,"column":null}},"type":"if","locations":[{"start":{"line":51,"column":4},"end":{"line":51,"column":null}},{"start":{},"end":{}}],"line":51}},"s":{"0":1,"1":10,"2":10,"3":10,"4":3,"5":7,"6":7,"7":1,"8":5,"9":1,"10":6,"11":6,"12":6,"13":6,"14":6,"15":6,"16":6,"17":4,"18":4,"19":1,"20":3,"21":3,"22":3,"23":3,"24":3,"25":3,"26":2,"27":17},"f":{"0":17,"1":10,"2":6,"3":4,"4":2},"b":{"0":[3,7],"1":[1,6],"2":[7,1],"3":[1,3]},"meta":{"lastBranch":4,"lastFunction":5,"lastStatement":28,"seen":{"s:7:20:7:Infinity":0,"f:17:16:17:34":0,"f:18:11:18:53":1,"s:19:4:27:Infinity":1,"s:20:18:20:Infinity":2,"b:21:6:21:Infinity:undefined:undefined:undefined:undefined":0,"s:21:6:21:Infinity":3,"s:21:16:21:Infinity":4,"s:22:19:22:Infinity":5,"b:23:6:23:Infinity:undefined:undefined:undefined:undefined":1,"s:23:6:23:Infinity":6,"b:23:10:23:33:23:33:23:56":2,"s:23:56:23:Infinity":7,"s:24:6:24:Infinity":8,"s:26:6:26:Infinity":9,"f:30:11:30:25":2,"s:31:10:31:Infinity":10,"s:32:10:32:Infinity":11,"s:33:10:33:Infinity":12,"s:34:4:46:Infinity":13,"s:35:40:41:Infinity":14,"s:42:6:42:Infinity":15,"s:43:6:43:Infinity":16,"f:49:11:49:28":3,"s:50:21:50:Infinity":17,"b:51:4:51:Infinity:undefined:undefined:undefined:undefined":3,"s:51:4:51:Infinity":18,"s:51:19:51:Infinity":19,"s:52:10:52:Infinity":20,"s:53:10:53:Infinity":21,"s:54:10:54:Infinity":22,"s:55:4:59:Infinity":23,"s:60:4:60:Infinity":24,"s:61:4:61:Infinity":25,"f:64:11:64:31":4,"s:65:4:65:Infinity":26,"s:68:2:68:Infinity":27}}}
,"/Users/bhurivaj/Desktop/Works/dev/web app/structural_analysis/app/src/data/steelProfiles/index.ts": {"path":"/Users/bhurivaj/Desktop/Works/dev/web app/structural_analysis/app/src/data/steelProfiles/index.ts","statementMap":{},"fnMap":{},"branchMap":{},"s":{},"f":{},"b":{},"meta":{"lastBranch":0,"lastFunction":0,"lastStatement":0,"seen":{}}}
,"/Users/bhurivaj/Desktop/Works/dev/web app/structural_analysis/app/src/data/steelProfiles/tis_c.ts": {"path":"/Users/bhurivaj/Desktop/Works/dev/web app/structural_analysis/app/src/data/steelProfiles/tis_c.ts","statementMap":{"0":{"start":{"line":3,"column":37},"end":{"line":116,"column":null}}},"fnMap":{},"branchMap":{},"s":{"0":1},"f":{},"b":{},"meta":{"lastBranch":0,"lastFunction":0,"lastStatement":1,"seen":{"s:3:37:116:Infinity":0}}}
,"/Users/bhurivaj/Desktop/Works/dev/web app/structural_analysis/app/src/data/steelProfiles/tis_chs.ts": {"path":"/Users/bhurivaj/Desktop/Works/dev/web app/structural_analysis/app/src/data/steelProfiles/tis_chs.ts","statementMap":{"0":{"start":{"line":3,"column":39},"end":{"line":228,"column":null}}},"fnMap":{},"branchMap":{},"s":{"0":1},"f":{},"b":{},"meta":{"lastBranch":0,"lastFunction":0,"lastStatement":1,"seen":{"s:3:39:228:Infinity":0}}}
,"/Users/bhurivaj/Desktop/Works/dev/web app/structural_analysis/app/src/data/steelProfiles/tis_h.ts": {"path":"/Users/bhurivaj/Desktop/Works/dev/web app/structural_analysis/app/src/data/steelProfiles/tis_h.ts","statementMap":{"0":{"start":{"line":3,"column":37},"end":{"line":515,"column":null}}},"fnMap":{},"branchMap":{},"s":{"0":1},"f":{},"b":{},"meta":{"lastBranch":0,"lastFunction":0,"lastStatement":1,"seen":{"s:3:37:515:Infinity":0}}}
,"/Users/bhurivaj/Desktop/Works/dev/web app/structural_analysis/app/src/data/steelProfiles/tis_i.ts": {"path":"/Users/bhurivaj/Desktop/Works/dev/web app/structural_analysis/app/src/data/steelProfiles/tis_i.ts","statementMap":{"0":{"start":{"line":3,"column":37},"end":{"line":144,"column":null}}},"fnMap":{},"branchMap":{},"s":{"0":1},"f":{},"b":{},"meta":{"lastBranch":0,"lastFunction":0,"lastStatement":1,"seen":{"s:3:37:144:Infinity":0}}}
,"/Users/bhurivaj/Desktop/Works/dev/web app/structural_analysis/app/src/data/steelProfiles/tis_l.ts": {"path":"/Users/bhurivaj/Desktop/Works/dev/web app/structural_analysis/app/src/data/steelProfiles/tis_l.ts","statementMap":{"0":{"start":{"line":3,"column":37},"end":{"line":326,"column":null}}},"fnMap":{},"branchMap":{},"s":{"0":1},"f":{},"b":{},"meta":{"lastBranch":0,"lastFunction":0,"lastStatement":1,"seen":{"s:3:37:326:Infinity":0}}}
,"/Users/bhurivaj/Desktop/Works/dev/web app/structural_analysis/app/src/data/steelProfiles/tis_llc.ts": {"path":"/Users/bhurivaj/Desktop/Works/dev/web app/structural_analysis/app/src/data/steelProfiles/tis_llc.ts","statementMap":{"0":{"start":{"line":3,"column":39},"end":{"line":319,"column":null}}},"fnMap":{},"branchMap":{},"s":{"0":1},"f":{},"b":{},"meta":{"lastBranch":0,"lastFunction":0,"lastStatement":1,"seen":{"s:3:39:319:Infinity":0}}}
,"/Users/bhurivaj/Desktop/Works/dev/web app/structural_analysis/app/src/data/steelProfiles/tis_rhs.ts": {"path":"/Users/bhurivaj/Desktop/Works/dev/web app/structural_analysis/app/src/data/steelProfiles/tis_rhs.ts","statementMap":{"0":{"start":{"line":3,"column":39},"end":{"line":186,"column":null}}},"fnMap":{},"branchMap":{},"s":{"0":1},"f":{},"b":{},"meta":{"lastBranch":0,"lastFunction":0,"lastStatement":1,"seen":{"s:3:39:186:Infinity":0}}}
,"/Users/bhurivaj/Desktop/Works/dev/web app/structural_analysis/app/src/data/steelProfiles/tis_rp.ts": {"path":"/Users/bhurivaj/Desktop/Works/dev/web app/structural_analysis/app/src/data/steelProfiles/tis_rp.ts","statementMap":{"0":{"start":{"line":3,"column":38},"end":{"line":249,"column":null}}},"fnMap":{},"branchMap":{},"s":{"0":1},"f":{},"b":{},"meta":{"lastBranch":0,"lastFunction":0,"lastStatement":1,"seen":{"s:3:38:249:Infinity":0}}}
,"/Users/bhurivaj/Desktop/Works/dev/web app/structural_analysis/app/src/data/steelProfiles/tis_wf.ts": {"path":"/Users/bhurivaj/Desktop/Works/dev/web app/structural_analysis/app/src/data/steelProfiles/tis_wf.ts","statementMap":{"0":{"start":{"line":3,"column":38},"end":{"line":571,"column":null}}},"fnMap":{},"branchMap":{},"s":{"0":1},"f":{},"b":{},"meta":{"lastBranch":0,"lastFunction":0,"lastStatement":1,"seen":{"s:3:38:571:Infinity":0}}}
,"/Users/bhurivaj/Desktop/Works/dev/web app/structural_analysis/app/src/solver/assembler.ts": {"path":"/Users/bhurivaj/Desktop/Works/dev/web app/structural_analysis/app/src/solver/assembler.ts","statementMap":{"0":{"start":{"line":7,"column":39},"end":{"line":7,"column":57}},"1":{"start":{"line":8,"column":40},"end":{"line":8,"column":59}},"2":{"start":{"line":9,"column":42},"end":{"line":9,"column":59}},"3":{"start":{"line":18,"column":12},"end":{"line":18,"column":null}},"4":{"start":{"line":18,"column":47},"end":{"line":18,"column":70}},"5":{"start":{"line":20,"column":2},"end":{"line":41,"column":null}},"6":{"start":{"line":21,"column":15},"end":{"line":21,"column":null}},"7":{"start":{"line":21,"column":31},"end":{"line":21,"column":58}},"8":{"start":{"line":22,"column":15},"end":{"line":22,"column":null}},"9":{"start":{"line":22,"column":31},"end":{"line":22,"column":56}},"10":{"start":{"line":23,"column":10},"end":{"line":23,"column":null}},"11":{"start":{"line":24,"column":10},"end":{"line":24,"column":null}},"12":{"start":{"line":26,"column":14},"end":{"line":26,"column":null}},"13":{"start":{"line":27,"column":14},"end":{"line":27,"column":null}},"14":{"start":{"line":28,"column":14},"end":{"line":28,"column":null}},"15":{"start":{"line":30,"column":15},"end":{"line":30,"column":null}},"16":{"start":{"line":31,"column":15},"end":{"line":31,"column":null}},"17":{"start":{"line":32,"column":17},"end":{"line":32,"column":null}},"18":{"start":{"line":34,"column":15},"end":{"line":36,"column":null}},"19":{"start":{"line":38,"column":4},"end":{"line":40,"column":null}},"20":{"start":{"line":38,"column":17},"end":{"line":38,"column":20}},"21":{"start":{"line":39,"column":6},"end":{"line":40,"column":null}},"22":{"start":{"line":39,"column":19},"end":{"line":39,"column":22}},"23":{"start":{"line":40,"column":8},"end":{"line":40,"column":null}},"24":{"start":{"line":43,"column":2},"end":{"line":43,"column":null}}},"fnMap":{"0":{"name":"mmToM2","decl":{"start":{"line":7,"column":9},"end":{"line":7,"column":16}},"loc":{"start":{"line":7,"column":37},"end":{"line":7,"column":null}},"line":7},"1":{"name":"mm4ToM4","decl":{"start":{"line":8,"column":9},"end":{"line":8,"column":17}},"loc":{"start":{"line":8,"column":38},"end":{"line":8,"column":null}},"line":8},"2":{"name":"mpaToKnM2","decl":{"start":{"line":9,"column":9},"end":{"line":9,"column":19}},"loc":{"start":{"line":9,"column":40},"end":{"line":9,"column":null}},"line":9},"3":{"name":"assembleGlobalK","decl":{"start":{"line":11,"column":16},"end":{"line":11,"column":null}},"loc":{"start":{"line":17,"column":14},"end":{"line":44,"column":null}},"line":17},"4":{"name":"(anonymous_4)","decl":{"start":{"line":18,"column":38},"end":{"line":18,"column":47}},"loc":{"start":{"line":18,"column":47},"end":{"line":18,"column":70}},"line":18},"5":{"name":"(anonymous_5)","decl":{"start":{"line":21,"column":21},"end":{"line":21,"column":26}},"loc":{"start":{"line":21,"column":31},"end":{"line":21,"column":58}},"line":21},"6":{"name":"(anonymous_6)","decl":{"start":{"line":22,"column":21},"end":{"line":22,"column":26}},"loc":{"start":{"line":22,"column":31},"end":{"line":22,"column":56}},"line":22}},"branchMap":{"0":{"loc":{"start":{"line":34,"column":15},"end":{"line":36,"column":null}},"type":"cond-expr","locations":[{"start":{"line":34,"column":51},"end":{"line":35,"column":null}},{"start":{"line":35,"column":44},"end":{"line":36,"column":null}}],"line":34},"1":{"loc":{"start":{"line":34,"column":15},"end":{"line":34,"column":null}},"type":"binary-expr","locations":[{"start":{"line":34,"column":15},"end":{"line":34,"column":44}},{"start":{"line":34,"column":44},"end":{"line":34,"column":null}}],"line":34}},"s":{"0":52,"1":52,"2":52,"3":33,"4":234,"5":33,"6":52,"7":71,"8":52,"9":127,"10":52,"11":52,"12":52,"13":52,"14":52,"15":52,"16":52,"17":52,"18":52,"19":52,"20":52,"21":286,"22":286,"23":1612,"24":33},"f":{"0":52,"1":52,"2":52,"3":33,"4":234,"5":71,"6":127},"b":{"0":[13,39],"1":[52,39]},"meta":{"lastBranch":2,"lastFunction":7,"lastStatement":25,"seen":{"f:7:9:7:16":0,"s:7:39:7:57":0,"f:8:9:8:17":1,"s:8:40:8:59":1,"f:9:9:9:19":2,"s:9:42:9:59":2,"f:11:16:11:Infinity":3,"s:18:12:18:Infinity":3,"f:18:38:18:47":4,"s:18:47:18:70":4,"s:20:2:41:Infinity":5,"s:21:15:21:Infinity":6,"f:21:21:21:26":5,"s:21:31:21:58":7,"s:22:15:22:Infinity":8,"f:22:21:22:26":6,"s:22:31:22:56":9,"s:23:10:23:Infinity":10,"s:24:10:24:Infinity":11,"s:26:14:26:Infinity":12,"s:27:14:27:Infinity":13,"s:28:14:28:Infinity":14,"s:30:15:30:Infinity":15,"s:31:15:31:Infinity":16,"s:32:17:32:Infinity":17,"s:34:15:36:Infinity":18,"b:34:51:35:Infinity:35:44:36:Infinity":0,"b:34:15:34:44:34:44:34:Infinity":1,"s:38:4:40:Infinity":19,"s:38:17:38:20":20,"s:39:6:40:Infinity":21,"s:39:19:39:22":22,"s:40:8:40:Infinity":23,"s:43:2:43:Infinity":24}}}
,"/Users/bhurivaj/Desktop/Works/dev/web app/structural_analysis/app/src/solver/boundaryConditions.ts": {"path":"/Users/bhurivaj/Desktop/Works/dev/web app/structural_analysis/app/src/solver/boundaryConditions.ts","statementMap":{"0":{"start":{"line":15,"column":14},"end":{"line":15,"column":null}},"1":{"start":{"line":15,"column":27},"end":{"line":15,"column":35}},"2":{"start":{"line":16,"column":14},"end":{"line":16,"column":null}},"3":{"start":{"line":18,"column":2},"end":{"line":25,"column":null}},"4":{"start":{"line":19,"column":17},"end":{"line":19,"column":null}},"5":{"start":{"line":20,"column":24},"end":{"line":20,"column":null}},"6":{"start":{"line":21,"column":4},"end":{"line":24,"column":null}},"7":{"start":{"line":22,"column":6},"end":{"line":22,"column":null}},"8":{"start":{"line":23,"column":6},"end":{"line":23,"column":null}},"9":{"start":{"line":27,"column":2},"end":{"line":27,"column":null}},"10":{"start":{"line":31,"column":27},"end":{"line":31,"column":null}},"11":{"start":{"line":32,"column":18},"end":{"line":32,"column":null}},"12":{"start":{"line":34,"column":2},"end":{"line":48,"column":null}},"13":{"start":{"line":36,"column":6},"end":{"line":36,"column":null}},"14":{"start":{"line":37,"column":6},"end":{"line":37,"column":null}},"15":{"start":{"line":37,"column":39},"end":{"line":37,"column":null}},"16":{"start":{"line":38,"column":6},"end":{"line":38,"column":null}},"17":{"start":{"line":40,"column":6},"end":{"line":40,"column":null}},"18":{"start":{"line":41,"column":6},"end":{"line":41,"column":null}},"19":{"start":{"line":43,"column":6},"end":{"line":44,"column":null}},"20":{"start":{"line":43,"column":35},"end":{"line":43,"column":null}},"21":{"start":{"line":44,"column":11},"end":{"line":44,"column":null}},"22":{"start":{"line":45,"column":6},"end":{"line":45,"column":null}},"23":{"start":{"line":47,"column":6},"end":{"line":47,"column":null}},"24":{"start":{"line":50,"column":2},"end":{"line":50,"column":null}}},"fnMap":{"0":{"name":"applyBoundaryConditions","decl":{"start":{"line":8,"column":16},"end":{"line":8,"column":null}},"loc":{"start":{"line":14,"column":38},"end":{"line":28,"column":null}},"line":14},"1":{"name":"(anonymous_1)","decl":{"start":{"line":15,"column":16},"end":{"line":15,"column":20}},"loc":{"start":{"line":15,"column":27},"end":{"line":15,"column":35}},"line":15},"2":{"name":"constrainedDofs","decl":{"start":{"line":30,"column":9},"end":{"line":30,"column":25}},"loc":{"start":{"line":30,"column":102},"end":{"line":51,"column":null}},"line":30}},"branchMap":{"0":{"loc":{"start":{"line":34,"column":2},"end":{"line":48,"column":null}},"type":"switch","locations":[{"start":{"line":35,"column":4},"end":{"line":38,"column":null}},{"start":{"line":39,"column":4},"end":{"line":41,"column":null}},{"start":{"line":42,"column":4},"end":{"line":45,"column":null}},{"start":{"line":46,"column":4},"end":{"line":47,"column":null}}],"line":34},"1":{"loc":{"start":{"line":37,"column":6},"end":{"line":37,"column":null}},"type":"if","locations":[{"start":{"line":37,"column":6},"end":{"line":37,"column":null}},{"start":{},"end":{}}],"line":37},"2":{"loc":{"start":{"line":37,"column":10},"end":{"line":37,"column":39}},"type":"binary-expr","locations":[{"start":{"line":37,"column":10},"end":{"line":37,"column":21}},{"start":{"line":37,"column":21},"end":{"line":37,"column":39}}],"line":37},"3":{"loc":{"start":{"line":43,"column":6},"end":{"line":44,"column":null}},"type":"if","locations":[{"start":{"line":43,"column":6},"end":{"line":44,"column":null}},{"start":{"line":44,"column":11},"end":{"line":44,"column":null}}],"line":43}},"s":{"0":40,"1":268,"2":40,"3":40,"4":97,"5":97,"6":97,"7":130,"8":130,"9":40,"10":97,"11":97,"12":97,"13":20,"14":20,"15":16,"16":20,"17":29,"18":29,"19":16,"20":1,"21":15,"22":16,"23":32,"24":97},"f":{"0":40,"1":268,"2":97},"b":{"0":[20,29,16,32],"1":[16,4],"2":[20,16],"3":[1,15]},"meta":{"lastBranch":4,"lastFunction":3,"lastStatement":25,"seen":{"f:8:16:8:Infinity":0,"s:15:14:15:Infinity":0,"f:15:16:15:20":1,"s:15:27:15:35":1,"s:16:14:16:Infinity":2,"s:18:2:25:Infinity":3,"s:19:17:19:Infinity":4,"s:20:24:20:Infinity":5,"s:21:4:24:Infinity":6,"s:22:6:22:Infinity":7,"s:23:6:23:Infinity":8,"s:27:2:27:Infinity":9,"f:30:9:30:25":2,"s:31:27:31:Infinity":10,"s:32:18:32:Infinity":11,"b:35:4:38:Infinity:39:4:41:Infinity:42:4:45:Infinity:46:4:47:Infinity":0,"s:34:2:48:Infinity":12,"s:36:6:36:Infinity":13,"b:37:6:37:Infinity:undefined:undefined:undefined:undefined":1,"s:37:6:37:Infinity":14,"b:37:10:37:21:37:21:37:39":2,"s:37:39:37:Infinity":15,"s:38:6:38:Infinity":16,"s:40:6:40:Infinity":17,"s:41:6:41:Infinity":18,"b:43:6:44:Infinity:44:11:44:Infinity":3,"s:43:6:44:Infinity":19,"s:43:35:43:Infinity":20,"s:44:11:44:Infinity":21,"s:45:6:45:Infinity":22,"s:47:6:47:Infinity":23,"s:50:2:50:Infinity":24}}}
,"/Users/bhurivaj/Desktop/Works/dev/web app/structural_analysis/app/src/solver/buildFactoredLoads.ts": {"path":"/Users/bhurivaj/Desktop/Works/dev/web app/structural_analysis/app/src/solver/buildFactoredLoads.ts","statementMap":{"0":{"start":{"line":5,"column":2},"end":{"line":7,"column":null}},"1":{"start":{"line":6,"column":4},"end":{"line":6,"column":null}},"2":{"start":{"line":8,"column":2},"end":{"line":10,"column":null}},"3":{"start":{"line":9,"column":4},"end":{"line":9,"column":null}},"4":{"start":{"line":11,"column":2},"end":{"line":11,"column":null}},"5":{"start":{"line":15,"column":2},"end":{"line":19,"column":null}},"6":{"start":{"line":16,"column":4},"end":{"line":18,"column":null}},"7":{"start":{"line":17,"column":14},"end":{"line":17,"column":49}},"8":{"start":{"line":18,"column":16},"end":{"line":18,"column":36}}},"fnMap":{"0":{"name":"scaleLoad","decl":{"start":{"line":4,"column":9},"end":{"line":4,"column":19}},"loc":{"start":{"line":4,"column":53},"end":{"line":12,"column":null}},"line":4},"1":{"name":"buildFactoredLoads","decl":{"start":{"line":14,"column":16},"end":{"line":14,"column":35}},"loc":{"start":{"line":14,"column":82},"end":{"line":20,"column":null}},"line":14},"2":{"name":"(anonymous_2)","decl":{"start":{"line":15,"column":23},"end":{"line":15,"column":32}},"loc":{"start":{"line":16,"column":4},"end":{"line":18,"column":null}},"line":16},"3":{"name":"(anonymous_3)","decl":{"start":{"line":17,"column":7},"end":{"line":17,"column":14}},"loc":{"start":{"line":17,"column":14},"end":{"line":17,"column":49}},"line":17},"4":{"name":"(anonymous_4)","decl":{"start":{"line":18,"column":7},"end":{"line":18,"column":11}},"loc":{"start":{"line":18,"column":16},"end":{"line":18,"column":36}},"line":18}},"branchMap":{"0":{"loc":{"start":{"line":5,"column":2},"end":{"line":7,"column":null}},"type":"if","locations":[{"start":{"line":5,"column":2},"end":{"line":7,"column":null}},{"start":{},"end":{}}],"line":5},"1":{"loc":{"start":{"line":8,"column":2},"end":{"line":10,"column":null}},"type":"if","locations":[{"start":{"line":8,"column":2},"end":{"line":10,"column":null}},{"start":{},"end":{}}],"line":8},"2":{"loc":{"start":{"line":17,"column":20},"end":{"line":17,"column":43}},"type":"binary-expr","locations":[{"start":{"line":17,"column":20},"end":{"line":17,"column":34}},{"start":{"line":17,"column":34},"end":{"line":17,"column":43}}],"line":17}},"s":{"0":9,"1":7,"2":2,"3":1,"4":1,"5":9,"6":11,"7":18,"8":9},"f":{"0":9,"1":9,"2":11,"3":18,"4":9},"b":{"0":[7,2],"1":[1,1],"2":[18,1]},"meta":{"lastBranch":3,"lastFunction":5,"lastStatement":9,"seen":{"f:4:9:4:19":0,"b:5:2:7:Infinity:undefined:undefined:undefined:undefined":0,"s:5:2:7:Infinity":0,"s:6:4:6:Infinity":1,"b:8:2:10:Infinity:undefined:undefined:undefined:undefined":1,"s:8:2:10:Infinity":2,"s:9:4:9:Infinity":3,"s:11:2:11:Infinity":4,"f:14:16:14:35":1,"s:15:2:19:Infinity":5,"f:15:23:15:32":2,"s:16:4:18:Infinity":6,"f:17:7:17:14":3,"s:17:14:17:49":7,"b:17:20:17:34:17:34:17:43":2,"f:18:7:18:11":4,"s:18:16:18:36":8}}}
,"/Users/bhurivaj/Desktop/Works/dev/web app/structural_analysis/app/src/solver/dof.ts": {"path":"/Users/bhurivaj/Desktop/Works/dev/web app/structural_analysis/app/src/solver/dof.ts","statementMap":{"0":{"start":{"line":4,"column":59},"end":{"line":7,"column":null}},"1":{"start":{"line":10,"column":21},"end":{"line":10,"column":null}},"2":{"start":{"line":11,"column":14},"end":{"line":11,"column":null}},"3":{"start":{"line":12,"column":2},"end":{"line":16,"column":null}},"4":{"start":{"line":13,"column":17},"end":{"line":13,"column":null}},"5":{"start":{"line":14,"column":17},"end":{"line":14,"column":null}},"6":{"start":{"line":14,"column":62},"end":{"line":14,"column":70}},"7":{"start":{"line":15,"column":4},"end":{"line":15,"column":null}},"8":{"start":{"line":17,"column":2},"end":{"line":17,"column":null}},"9":{"start":{"line":21,"column":2},"end":{"line":21,"column":null}}},"fnMap":{"0":{"name":"buildDofMap","decl":{"start":{"line":9,"column":16},"end":{"line":9,"column":28}},"loc":{"start":{"line":9,"column":105},"end":{"line":18,"column":null}},"line":9},"1":{"name":"(anonymous_1)","decl":{"start":{"line":12,"column":8},"end":{"line":12,"column":17}},"loc":{"start":{"line":12,"column":29},"end":{"line":16,"column":3}},"line":12},"2":{"name":"(anonymous_2)","decl":{"start":{"line":14,"column":49},"end":{"line":14,"column":53}},"loc":{"start":{"line":14,"column":62},"end":{"line":14,"column":70}},"line":14},"3":{"name":"totalDof","decl":{"start":{"line":20,"column":16},"end":{"line":20,"column":25}},"loc":{"start":{"line":20,"column":87},"end":{"line":22,"column":null}},"line":20}},"branchMap":{},"s":{"0":5,"1":55,"2":55,"3":55,"4":126,"5":126,"6":347,"7":126,"8":55,"9":39},"f":{"0":55,"1":126,"2":347,"3":39},"b":{},"meta":{"lastBranch":0,"lastFunction":4,"lastStatement":10,"seen":{"s:4:59:7:Infinity":0,"f:9:16:9:28":0,"s:10:21:10:Infinity":1,"s:11:14:11:Infinity":2,"s:12:2:16:Infinity":3,"f:12:8:12:17":1,"s:13:17:13:Infinity":4,"s:14:17:14:Infinity":5,"f:14:49:14:53":2,"s:14:62:14:70":6,"s:15:4:15:Infinity":7,"s:17:2:17:Infinity":8,"f:20:16:20:25":3,"s:21:2:21:Infinity":9}}}
,"/Users/bhurivaj/Desktop/Works/dev/web app/structural_analysis/app/src/solver/elementStiffness.ts": {"path":"/Users/bhurivaj/Desktop/Works/dev/web app/structural_analysis/app/src/solver/elementStiffness.ts","statementMap":{"0":{"start":{"line":12,"column":2},"end":{"line":12,"column":null}},"1":{"start":{"line":12,"column":41},"end":{"line":12,"column":61}},"2":{"start":{"line":16,"column":12},"end":{"line":16,"column":null}},"3":{"start":{"line":17,"column":12},"end":{"line":17,"column":null}},"4":{"start":{"line":18,"column":14},"end":{"line":18,"column":null}},"5":{"start":{"line":19,"column":15},"end":{"line":19,"column":null}},"6":{"start":{"line":20,"column":15},"end":{"line":20,"column":null}},"7":{"start":{"line":21,"column":15},"end":{"line":21,"column":null}},"8":{"start":{"line":22,"column":16},"end":{"line":22,"column":null}},"9":{"start":{"line":25,"column":25},"end":{"line":25,"column":null}},"10":{"start":{"line":26,"column":2},"end":{"line":26,"column":19}},"11":{"start":{"line":26,"column":19},"end":{"line":26,"column":null}},"12":{"start":{"line":27,"column":2},"end":{"line":27,"column":19}},"13":{"start":{"line":27,"column":19},"end":{"line":27,"column":null}},"14":{"start":{"line":28,"column":2},"end":{"line":28,"column":20}},"15":{"start":{"line":28,"column":20},"end":{"line":28,"column":38}},"16":{"start":{"line":28,"column":38},"end":{"line":28,"column":56}},"17":{"start":{"line":28,"column":56},"end":{"line":28,"column":null}},"18":{"start":{"line":29,"column":2},"end":{"line":29,"column":20}},"19":{"start":{"line":29,"column":20},"end":{"line":29,"column":38}},"20":{"start":{"line":29,"column":38},"end":{"line":29,"column":56}},"21":{"start":{"line":29,"column":56},"end":{"line":29,"column":null}},"22":{"start":{"line":30,"column":2},"end":{"line":30,"column":20}},"23":{"start":{"line":30,"column":20},"end":{"line":30,"column":38}},"24":{"start":{"line":30,"column":38},"end":{"line":30,"column":56}},"25":{"start":{"line":30,"column":56},"end":{"line":30,"column":null}},"26":{"start":{"line":31,"column":2},"end":{"line":31,"column":20}},"27":{"start":{"line":31,"column":20},"end":{"line":31,"column":38}},"28":{"start":{"line":31,"column":38},"end":{"line":31,"column":56}},"29":{"start":{"line":31,"column":56},"end":{"line":31,"column":null}},"30":{"start":{"line":34,"column":24},"end":{"line":34,"column":null}},"31":{"start":{"line":35,"column":2},"end":{"line":35,"column":16}},"32":{"start":{"line":35,"column":16},"end":{"line":35,"column":null}},"33":{"start":{"line":36,"column":2},"end":{"line":36,"column":16}},"34":{"start":{"line":36,"column":16},"end":{"line":36,"column":null}},"35":{"start":{"line":37,"column":2},"end":{"line":37,"column":null}},"36":{"start":{"line":38,"column":2},"end":{"line":38,"column":16}},"37":{"start":{"line":38,"column":16},"end":{"line":38,"column":null}},"38":{"start":{"line":39,"column":2},"end":{"line":39,"column":16}},"39":{"start":{"line":39,"column":16},"end":{"line":39,"column":null}},"40":{"start":{"line":40,"column":2},"end":{"line":40,"column":null}},"41":{"start":{"line":43,"column":2},"end":{"line":43,"column":null}},"42":{"start":{"line":47,"column":12},"end":{"line":47,"column":null}},"43":{"start":{"line":48,"column":12},"end":{"line":48,"column":null}},"44":{"start":{"line":49,"column":12},"end":{"line":49,"column":null}},"45":{"start":{"line":52,"column":25},"end":{"line":52,"column":null}},"46":{"start":{"line":53,"column":2},"end":{"line":53,"column":25}},"47":{"start":{"line":53,"column":25},"end":{"line":53,"column":48}},"48":{"start":{"line":53,"column":48},"end":{"line":53,"column":71}},"49":{"start":{"line":53,"column":71},"end":{"line":53,"column":null}},"50":{"start":{"line":54,"column":2},"end":{"line":54,"column":25}},"51":{"start":{"line":54,"column":25},"end":{"line":54,"column":48}},"52":{"start":{"line":54,"column":48},"end":{"line":54,"column":71}},"53":{"start":{"line":54,"column":71},"end":{"line":54,"column":null}},"54":{"start":{"line":55,"column":2},"end":{"line":55,"column":25}},"55":{"start":{"line":55,"column":25},"end":{"line":55,"column":48}},"56":{"start":{"line":55,"column":48},"end":{"line":55,"column":71}},"57":{"start":{"line":55,"column":71},"end":{"line":55,"column":null}},"58":{"start":{"line":56,"column":2},"end":{"line":56,"column":25}},"59":{"start":{"line":56,"column":25},"end":{"line":56,"column":48}},"60":{"start":{"line":56,"column":48},"end":{"line":56,"column":71}},"61":{"start":{"line":56,"column":71},"end":{"line":56,"column":null}},"62":{"start":{"line":57,"column":2},"end":{"line":57,"column":null}},"63":{"start":{"line":61,"column":12},"end":{"line":61,"column":null}},"64":{"start":{"line":63,"column":26},"end":{"line":63,"column":null}},"65":{"start":{"line":64,"column":2},"end":{"line":67,"column":null}},"66":{"start":{"line":64,"column":15},"end":{"line":64,"column":18}},"67":{"start":{"line":65,"column":4},"end":{"line":67,"column":null}},"68":{"start":{"line":65,"column":17},"end":{"line":65,"column":20}},"69":{"start":{"line":66,"column":6},"end":{"line":67,"column":null}},"70":{"start":{"line":66,"column":19},"end":{"line":66,"column":22}},"71":{"start":{"line":67,"column":8},"end":{"line":67,"column":null}},"72":{"start":{"line":69,"column":29},"end":{"line":69,"column":null}},"73":{"start":{"line":70,"column":2},"end":{"line":73,"column":null}},"74":{"start":{"line":70,"column":15},"end":{"line":70,"column":18}},"75":{"start":{"line":71,"column":4},"end":{"line":73,"column":null}},"76":{"start":{"line":71,"column":17},"end":{"line":71,"column":20}},"77":{"start":{"line":72,"column":6},"end":{"line":73,"column":null}},"78":{"start":{"line":72,"column":19},"end":{"line":72,"column":22}},"79":{"start":{"line":73,"column":8},"end":{"line":73,"column":null}},"80":{"start":{"line":74,"column":2},"end":{"line":74,"column":null}}},"fnMap":{"0":{"name":"zeros","decl":{"start":{"line":11,"column":9},"end":{"line":11,"column":15}},"loc":{"start":{"line":11,"column":38},"end":{"line":13,"column":null}},"line":11},"1":{"name":"(anonymous_1)","decl":{"start":{"line":12,"column":32},"end":{"line":12,"column":41}},"loc":{"start":{"line":12,"column":41},"end":{"line":12,"column":61}},"line":12},"2":{"name":"frameElementStiffness","decl":{"start":{"line":15,"column":16},"end":{"line":15,"column":38}},"loc":{"start":{"line":15,"column":109},"end":{"line":44,"column":null}},"line":15},"3":{"name":"trussElementStiffness","decl":{"start":{"line":46,"column":16},"end":{"line":46,"column":38}},"loc":{"start":{"line":46,"column":98},"end":{"line":58,"column":null}},"line":46},"4":{"name":"multiplyTtKT","decl":{"start":{"line":60,"column":9},"end":{"line":60,"column":22}},"loc":{"start":{"line":60,"column":64},"end":{"line":75,"column":null}},"line":60}},"branchMap":{},"s":{"0":206,"1":1192,"2":46,"3":46,"4":46,"5":46,"6":46,"7":46,"8":46,"9":46,"10":46,"11":46,"12":46,"13":46,"14":46,"15":46,"16":46,"17":46,"18":46,"19":46,"20":46,"21":46,"22":46,"23":46,"24":46,"25":46,"26":46,"27":46,"28":46,"29":46,"30":46,"31":46,"32":46,"33":46,"34":46,"35":46,"36":46,"37":46,"38":46,"39":46,"40":46,"41":46,"42":22,"43":22,"44":22,"45":22,"46":22,"47":22,"48":22,"49":22,"50":22,"51":22,"52":22,"53":22,"54":22,"55":22,"56":22,"57":22,"58":22,"59":22,"60":22,"61":22,"62":22,"63":46,"64":46,"65":46,"66":46,"67":276,"68":276,"69":1656,"70":1656,"71":9936,"72":46,"73":46,"74":46,"75":276,"76":276,"77":1656,"78":1656,"79":9936,"80":46},"f":{"0":206,"1":1192,"2":46,"3":22,"4":46},"b":{},"meta":{"lastBranch":0,"lastFunction":5,"lastStatement":81,"seen":{"f:11:9:11:15":0,"s:12:2:12:Infinity":0,"f:12:32:12:41":1,"s:12:41:12:61":1,"f:15:16:15:38":2,"s:16:12:16:Infinity":2,"s:17:12:17:Infinity":3,"s:18:14:18:Infinity":4,"s:19:15:19:Infinity":5,"s:20:15:20:Infinity":6,"s:21:15:21:Infinity":7,"s:22:16:22:Infinity":8,"s:25:25:25:Infinity":9,"s:26:2:26:19":10,"s:26:19:26:Infinity":11,"s:27:2:27:19":12,"s:27:19:27:Infinity":13,"s:28:2:28:20":14,"s:28:20:28:38":15,"s:28:38:28:56":16,"s:28:56:28:Infinity":17,"s:29:2:29:20":18,"s:29:20:29:38":19,"s:29:38:29:56":20,"s:29:56:29:Infinity":21,"s:30:2:30:20":22,"s:30:20:30:38":23,"s:30:38:30:56":24,"s:30:56:30:Infinity":25,"s:31:2:31:20":26,"s:31:20:31:38":27,"s:31:38:31:56":28,"s:31:56:31:Infinity":29,"s:34:24:34:Infinity":30,"s:35:2:35:16":31,"s:35:16:35:Infinity":32,"s:36:2:36:16":33,"s:36:16:36:Infinity":34,"s:37:2:37:Infinity":35,"s:38:2:38:16":36,"s:38:16:38:Infinity":37,"s:39:2:39:16":38,"s:39:16:39:Infinity":39,"s:40:2:40:Infinity":40,"s:43:2:43:Infinity":41,"f:46:16:46:38":3,"s:47:12:47:Infinity":42,"s:48:12:48:Infinity":43,"s:49:12:49:Infinity":44,"s:52:25:52:Infinity":45,"s:53:2:53:25":46,"s:53:25:53:48":47,"s:53:48:53:71":48,"s:53:71:53:Infinity":49,"s:54:2:54:25":50,"s:54:25:54:48":51,"s:54:48:54:71":52,"s:54:71:54:Infinity":53,"s:55:2:55:25":54,"s:55:25:55:48":55,"s:55:48:55:71":56,"s:55:71:55:Infinity":57,"s:56:2:56:25":58,"s:56:25:56:48":59,"s:56:48:56:71":60,"s:56:71:56:Infinity":61,"s:57:2:57:Infinity":62,"f:60:9:60:22":4,"s:61:12:61:Infinity":63,"s:63:26:63:Infinity":64,"s:64:2:67:Infinity":65,"s:64:15:64:18":66,"s:65:4:67:Infinity":67,"s:65:17:65:20":68,"s:66:6:67:Infinity":69,"s:66:19:66:22":70,"s:67:8:67:Infinity":71,"s:69:29:69:Infinity":72,"s:70:2:73:Infinity":73,"s:70:15:70:18":74,"s:71:4:73:Infinity":75,"s:71:17:71:20":76,"s:72:6:73:Infinity":77,"s:72:19:72:22":78,"s:73:8:73:Infinity":79,"s:74:2:74:Infinity":80}}}
,"/Users/bhurivaj/Desktop/Works/dev/web app/structural_analysis/app/src/solver/envelopeAnalysis.ts": {"path":"/Users/bhurivaj/Desktop/Works/dev/web app/structural_analysis/app/src/solver/envelopeAnalysis.ts","statementMap":{"0":{"start":{"line":4,"column":20},"end":{"line":4,"column":null}},"1":{"start":{"line":5,"column":2},"end":{"line":7,"column":null}},"2":{"start":{"line":6,"column":4},"end":{"line":6,"column":null}},"3":{"start":{"line":6,"column":36},"end":{"line":6,"column":null}},"4":{"start":{"line":9,"column":38},"end":{"line":9,"column":null}},"5":{"start":{"line":11,"column":2},"end":{"line":60,"column":null}},"6":{"start":{"line":12,"column":22},"end":{"line":12,"column":null}},"7":{"start":{"line":13,"column":28},"end":{"line":13,"column":null}},"8":{"start":{"line":14,"column":26},"end":{"line":14,"column":null}},"9":{"start":{"line":15,"column":32},"end":{"line":15,"column":null}},"10":{"start":{"line":16,"column":18},"end":{"line":16,"column":null}},"11":{"start":{"line":17,"column":24},"end":{"line":17,"column":null}},"12":{"start":{"line":18,"column":18},"end":{"line":18,"column":null}},"13":{"start":{"line":19,"column":24},"end":{"line":19,"column":null}},"14":{"start":{"line":21,"column":4},"end":{"line":47,"column":null}},"15":{"start":{"line":22,"column":17},"end":{"line":22,"column":null}},"16":{"start":{"line":22,"column":41},"end":{"line":22,"column":64}},"17":{"start":{"line":23,"column":6},"end":{"line":23,"column":null}},"18":{"start":{"line":23,"column":15},"end":{"line":23,"column":null}},"19":{"start":{"line":25,"column":6},"end":{"line":34,"column":null}},"20":{"start":{"line":26,"column":8},"end":{"line":29,"column":null}},"21":{"start":{"line":27,"column":10},"end":{"line":27,"column":null}},"22":{"start":{"line":28,"column":10},"end":{"line":28,"column":null}},"23":{"start":{"line":30,"column":8},"end":{"line":33,"column":null}},"24":{"start":{"line":31,"column":10},"end":{"line":31,"column":null}},"25":{"start":{"line":32,"column":10},"end":{"line":32,"column":null}},"26":{"start":{"line":36,"column":24},"end":{"line":36,"column":null}},"27":{"start":{"line":37,"column":6},"end":{"line":40,"column":null}},"28":{"start":{"line":38,"column":8},"end":{"line":38,"column":null}},"29":{"start":{"line":39,"column":8},"end":{"line":39,"column":null}},"30":{"start":{"line":42,"column":24},"end":{"line":42,"column":null}},"31":{"start":{"line":43,"column":6},"end":{"line":46,"column":null}},"32":{"start":{"line":44,"column":8},"end":{"line":44,"column":null}},"33":{"start":{"line":45,"column":8},"end":{"line":45,"column":null}},"34":{"start":{"line":49,"column":4},"end":{"line":59,"column":null}},"35":{"start":{"line":62,"column":2},"end":{"line":62,"column":null}},"36":{"start":{"line":67,"column":4},"end":{"line":67,"column":null}},"37":{"start":{"line":68,"column":2},"end":{"line":75,"column":null}}},"fnMap":{"0":{"name":"computeEnvelope","decl":{"start":{"line":3,"column":16},"end":{"line":3,"column":32}},"loc":{"start":{"line":3,"column":85},"end":{"line":63,"column":null}},"line":3},"1":{"name":"(anonymous_1)","decl":{"start":{"line":22,"column":31},"end":{"line":22,"column":36}},"loc":{"start":{"line":22,"column":41},"end":{"line":22,"column":64}},"line":22},"2":{"name":"envelopeToMemberResult","decl":{"start":{"line":65,"column":16},"end":{"line":65,"column":39}},"loc":{"start":{"line":65,"column":72},"end":{"line":76,"column":null}},"line":65}},"branchMap":{"0":{"loc":{"start":{"line":23,"column":6},"end":{"line":23,"column":null}},"type":"if","locations":[{"start":{"line":23,"column":6},"end":{"line":23,"column":null}},{"start":{},"end":{}}],"line":23},"1":{"loc":{"start":{"line":26,"column":8},"end":{"line":29,"column":null}},"type":"if","locations":[{"start":{"line":26,"column":8},"end":{"line":29,"column":null}},{"start":{},"end":{}}],"line":26},"2":{"loc":{"start":{"line":26,"column":12},"end":{"line":26,"column":38}},"type":"binary-expr","locations":[{"start":{"line":26,"column":12},"end":{"line":26,"column":21}},{"start":{"line":26,"column":21},"end":{"line":26,"column":38}}],"line":26},"3":{"loc":{"start":{"line":30,"column":8},"end":{"line":33,"column":null}},"type":"if","locations":[{"start":{"line":30,"column":8},"end":{"line":33,"column":null}},{"start":{},"end":{}}],"line":30},"4":{"loc":{"start":{"line":30,"column":12},"end":{"line":30,"column":52}},"type":"binary-expr","locations":[{"start":{"line":30,"column":12},"end":{"line":30,"column":21}},{"start":{"line":30,"column":21},"end":{"line":30,"column":52}}],"line":30},"5":{"loc":{"start":{"line":37,"column":6},"end":{"line":40,"column":null}},"type":"if","locations":[{"start":{"line":37,"column":6},"end":{"line":40,"column":null}},{"start":{},"end":{}}],"line":37},"6":{"loc":{"start":{"line":43,"column":6},"end":{"line":46,"column":null}},"type":"if","locations":[{"start":{"line":43,"column":6},"end":{"line":46,"column":null}},{"start":{},"end":{}}],"line":43},"7":{"loc":{"start":{"line":67,"column":4},"end":{"line":67,"column":null}},"type":"cond-expr","locations":[{"start":{"line":67,"column":41},"end":{"line":67,"column":62}},{"start":{"line":67,"column":62},"end":{"line":67,"column":null}}],"line":67}},"s":{"0":5,"1":5,"2":7,"3":7,"4":5,"5":5,"6":6,"7":6,"8":6,"9":6,"10":6,"11":6,"12":6,"13":6,"14":6,"15":9,"16":9,"17":9,"18":2,"19":7,"20":16,"21":6,"22":6,"23":16,"24":5,"25":5,"26":7,"27":7,"28":7,"29":7,"30":7,"31":7,"32":7,"33":7,"34":6,"35":5,"36":3,"37":3},"f":{"0":5,"1":9,"2":3},"b":{"0":[2,7],"1":[6,10],"2":[16,9],"3":[5,11],"4":[16,7],"5":[7,0],"6":[7,0],"7":[1,2]},"meta":{"lastBranch":8,"lastFunction":3,"lastStatement":38,"seen":{"f:3:16:3:32":0,"s:4:20:4:Infinity":0,"s:5:2:7:Infinity":1,"s:6:4:6:Infinity":2,"s:6:36:6:Infinity":3,"s:9:38:9:Infinity":4,"s:11:2:60:Infinity":5,"s:12:22:12:Infinity":6,"s:13:28:13:Infinity":7,"s:14:26:14:Infinity":8,"s:15:32:15:Infinity":9,"s:16:18:16:Infinity":10,"s:17:24:17:Infinity":11,"s:18:18:18:Infinity":12,"s:19:24:19:Infinity":13,"s:21:4:47:Infinity":14,"s:22:17:22:Infinity":15,"f:22:31:22:36":1,"s:22:41:22:64":16,"b:23:6:23:Infinity:undefined:undefined:undefined:undefined":0,"s:23:6:23:Infinity":17,"s:23:15:23:Infinity":18,"s:25:6:34:Infinity":19,"b:26:8:29:Infinity:undefined:undefined:undefined:undefined":1,"s:26:8:29:Infinity":20,"b:26:12:26:21:26:21:26:38":2,"s:27:10:27:Infinity":21,"s:28:10:28:Infinity":22,"b:30:8:33:Infinity:undefined:undefined:undefined:undefined":3,"s:30:8:33:Infinity":23,"b:30:12:30:21:30:21:30:52":4,"s:31:10:31:Infinity":24,"s:32:10:32:Infinity":25,"s:36:24:36:Infinity":26,"b:37:6:40:Infinity:undefined:undefined:undefined:undefined":5,"s:37:6:40:Infinity":27,"s:38:8:38:Infinity":28,"s:39:8:39:Infinity":29,"s:42:24:42:Infinity":30,"b:43:6:46:Infinity:undefined:undefined:undefined:undefined":6,"s:43:6:46:Infinity":31,"s:44:8:44:Infinity":32,"s:45:8:45:Infinity":33,"s:49:4:59:Infinity":34,"s:62:2:62:Infinity":35,"f:65:16:65:39":2,"s:67:4:67:Infinity":36,"b:67:41:67:62:67:62:67:Infinity":7,"s:68:2:75:Infinity":37}}}
,"/Users/bhurivaj/Desktop/Works/dev/web app/structural_analysis/app/src/solver/index.ts": {"path":"/Users/bhurivaj/Desktop/Works/dev/web app/structural_analysis/app/src/solver/index.ts","statementMap":{"0":{"start":{"line":17,"column":2},"end":{"line":19,"column":null}},"1":{"start":{"line":18,"column":4},"end":{"line":18,"column":null}},"2":{"start":{"line":20,"column":2},"end":{"line":22,"column":null}},"3":{"start":{"line":21,"column":4},"end":{"line":21,"column":null}},"4":{"start":{"line":24,"column":21},"end":{"line":24,"column":null}},"5":{"start":{"line":24,"column":37},"end":{"line":24,"column":57}},"6":{"start":{"line":25,"column":2},"end":{"line":27,"column":null}},"7":{"start":{"line":26,"column":4},"end":{"line":26,"column":null}},"8":{"start":{"line":29,"column":2},"end":{"line":105,"column":null}},"9":{"start":{"line":30,"column":10},"end":{"line":30,"column":null}},"10":{"start":{"line":31,"column":10},"end":{"line":31,"column":null}},"11":{"start":{"line":32,"column":29},"end":{"line":32,"column":null}},"12":{"start":{"line":33,"column":27},"end":{"line":33,"column":null}},"13":{"start":{"line":34,"column":24},"end":{"line":34,"column":null}},"14":{"start":{"line":35,"column":63},"end":{"line":35,"column":null}},"15":{"start":{"line":36,"column":57},"end":{"line":36,"column":null}},"16":{"start":{"line":37,"column":20},"end":{"line":37,"column":null}},"17":{"start":{"line":39,"column":4},"end":{"line":88,"column":null}},"18":{"start":{"line":39,"column":25},"end":{"line":39,"column":28}},"19":{"start":{"line":41,"column":28},"end":{"line":41,"column":null}},"20":{"start":{"line":41,"column":48},"end":{"line":41,"column":75}},"21":{"start":{"line":44,"column":12},"end":{"line":44,"column":null}},"22":{"start":{"line":45,"column":12},"end":{"line":45,"column":null}},"23":{"start":{"line":46,"column":24},"end":{"line":46,"column":null}},"24":{"start":{"line":46,"column":37},"end":{"line":46,"column":45}},"25":{"start":{"line":47,"column":24},"end":{"line":47,"column":null}},"26":{"start":{"line":50,"column":19},"end":{"line":50,"column":null}},"27":{"start":{"line":51,"column":12},"end":{"line":51,"column":null}},"28":{"start":{"line":54,"column":12},"end":{"line":54,"column":null}},"29":{"start":{"line":55,"column":6},"end":{"line":55,"column":null}},"30":{"start":{"line":56,"column":6},"end":{"line":56,"column":null}},"31":{"start":{"line":59,"column":37},"end":{"line":59,"column":null}},"32":{"start":{"line":60,"column":6},"end":{"line":66,"column":null}},"33":{"start":{"line":61,"column":23},"end":{"line":61,"column":null}},"34":{"start":{"line":61,"column":41},"end":{"line":61,"column":61}},"35":{"start":{"line":62,"column":8},"end":{"line":65,"column":null}},"36":{"start":{"line":63,"column":10},"end":{"line":63,"column":null}},"37":{"start":{"line":64,"column":10},"end":{"line":64,"column":null}},"38":{"start":{"line":68,"column":6},"end":{"line":87,"column":null}},"39":{"start":{"line":70,"column":14},"end":{"line":77,"column":null}},"40":{"start":{"line":70,"column":43},"end":{"line":77,"column":null}},"41":{"start":{"line":78,"column":31},"end":{"line":80,"column":null}},"42":{"start":{"line":79,"column":23},"end":{"line":79,"column":49}},"43":{"start":{"line":82,"column":8},"end":{"line":84,"column":null}},"44":{"start":{"line":83,"column":10},"end":{"line":83,"column":null}},"45":{"start":{"line":83,"column":33},"end":{"line":83,"column":52}},"46":{"start":{"line":83,"column":79},"end":{"line":83,"column":98}},"47":{"start":{"line":85,"column":8},"end":{"line":85,"column":null}},"48":{"start":{"line":86,"column":8},"end":{"line":86,"column":null}},"49":{"start":{"line":90,"column":4},"end":{"line":96,"column":null}},"50":{"start":{"line":91,"column":6},"end":{"line":95,"column":null}},"51":{"start":{"line":98,"column":4},"end":{"line":98,"column":null}},"52":{"start":{"line":100,"column":4},"end":{"line":104,"column":null}}},"fnMap":{"0":{"name":"runFemAnalysis","decl":{"start":{"line":11,"column":16},"end":{"line":11,"column":null}},"loc":{"start":{"line":16,"column":16},"end":{"line":106,"column":null}},"line":16},"1":{"name":"(anonymous_1)","decl":{"start":{"line":24,"column":27},"end":{"line":24,"column":32}},"loc":{"start":{"line":24,"column":37},"end":{"line":24,"column":57}},"line":24},"2":{"name":"(anonymous_2)","decl":{"start":{"line":41,"column":36},"end":{"line":41,"column":43}},"loc":{"start":{"line":41,"column":48},"end":{"line":41,"column":75}},"line":41},"3":{"name":"(anonymous_3)","decl":{"start":{"line":46,"column":26},"end":{"line":46,"column":30}},"loc":{"start":{"line":46,"column":37},"end":{"line":46,"column":45}},"line":46},"4":{"name":"(anonymous_4)","decl":{"start":{"line":61,"column":31},"end":{"line":61,"column":36}},"loc":{"start":{"line":61,"column":41},"end":{"line":61,"column":61}},"line":61},"5":{"name":"(anonymous_5)","decl":{"start":{"line":70,"column":14},"end":{"line":70,"column":28}},"loc":{"start":{"line":70,"column":43},"end":{"line":77,"column":null}},"line":70},"6":{"name":"(anonymous_6)","decl":{"start":{"line":79,"column":11},"end":{"line":79,"column":18}},"loc":{"start":{"line":79,"column":23},"end":{"line":79,"column":49}},"line":79},"7":{"name":"(anonymous_7)","decl":{"start":{"line":82,"column":68},"end":{"line":82,"column":74}},"loc":{"start":{"line":83,"column":10},"end":{"line":83,"column":null}},"line":83},"8":{"name":"(anonymous_8)","decl":{"start":{"line":83,"column":18},"end":{"line":83,"column":28}},"loc":{"start":{"line":83,"column":33},"end":{"line":83,"column":52}},"line":83},"9":{"name":"(anonymous_9)","decl":{"start":{"line":83,"column":64},"end":{"line":83,"column":74}},"loc":{"start":{"line":83,"column":79},"end":{"line":83,"column":98}},"line":83}},"branchMap":{"0":{"loc":{"start":{"line":17,"column":2},"end":{"line":19,"column":null}},"type":"if","locations":[{"start":{"line":17,"column":2},"end":{"line":19,"column":null}},{"start":{},"end":{}}],"line":17},"1":{"loc":{"start":{"line":20,"column":2},"end":{"line":22,"column":null}},"type":"if","locations":[{"start":{"line":20,"column":2},"end":{"line":22,"column":null}},{"start":{},"end":{}}],"line":20},"2":{"loc":{"start":{"line":25,"column":2},"end":{"line":27,"column":null}},"type":"if","locations":[{"start":{"line":25,"column":2},"end":{"line":27,"column":null}},{"start":{},"end":{}}],"line":25},"3":{"loc":{"start":{"line":62,"column":8},"end":{"line":65,"column":null}},"type":"if","locations":[{"start":{"line":62,"column":8},"end":{"line":65,"column":null}},{"start":{},"end":{}}],"line":62},"4":{"loc":{"start":{"line":62,"column":12},"end":{"line":62,"column":48}},"type":"binary-expr","locations":[{"start":{"line":62,"column":12},"end":{"line":62,"column":35}},{"start":{"line":62,"column":35},"end":{"line":62,"column":48}}],"line":62},"5":{"loc":{"start":{"line":68,"column":6},"end":{"line":87,"column":null}},"type":"if","locations":[{"start":{"line":68,"column":6},"end":{"line":87,"column":null}},{"start":{},"end":{}}],"line":68},"6":{"loc":{"start":{"line":90,"column":4},"end":{"line":96,"column":null}},"type":"if","locations":[{"start":{"line":90,"column":4},"end":{"line":96,"column":null}},{"start":{},"end":{}}],"line":90},"7":{"loc":{"start":{"line":102,"column":13},"end":{"line":102,"column":null}},"type":"cond-expr","locations":[{"start":{"line":102,"column":36},"end":{"line":102,"column":50}},{"start":{"line":102,"column":50},"end":{"line":102,"column":null}}],"line":102}},"s":{"0":38,"1":3,"2":35,"3":1,"4":34,"5":35,"6":34,"7":1,"8":33,"9":33,"10":33,"11":33,"12":33,"13":33,"14":33,"15":33,"16":33,"17":33,"18":33,"19":33,"20":52,"21":33,"22":33,"23":33,"24":234,"25":33,"26":33,"27":33,"28":33,"29":33,"30":33,"31":33,"32":33,"33":52,"34":71,"35":52,"36":0,"37":0,"38":33,"39":33,"40":0,"41":33,"42":52,"43":33,"44":19,"45":38,"46":19,"47":33,"48":33,"49":33,"50":0,"51":33,"52":0},"f":{"0":38,"1":35,"2":52,"3":234,"4":71,"5":0,"6":52,"7":19,"8":38,"9":19},"b":{"0":[3,35],"1":[1,34],"2":[1,33],"3":[0,52],"4":[52,5],"5":[33,0],"6":[0,33],"7":[0,0]},"meta":{"lastBranch":8,"lastFunction":10,"lastStatement":53,"seen":{"f:11:16:11:Infinity":0,"b:17:2:19:Infinity:undefined:undefined:undefined:undefined":0,"s:17:2:19:Infinity":0,"s:18:4:18:Infinity":1,"b:20:2:22:Infinity:undefined:undefined:undefined:undefined":1,"s:20:2:22:Infinity":2,"s:21:4:21:Infinity":3,"s:24:21:24:Infinity":4,"f:24:27:24:32":1,"s:24:37:24:57":5,"b:25:2:27:Infinity:undefined:undefined:undefined:undefined":2,"s:25:2:27:Infinity":6,"s:26:4:26:Infinity":7,"s:29:2:105:Infinity":8,"s:30:10:30:Infinity":9,"s:31:10:31:Infinity":10,"s:32:29:32:Infinity":11,"s:33:27:33:Infinity":12,"s:34:24:34:Infinity":13,"s:35:63:35:Infinity":14,"s:36:57:36:Infinity":15,"s:37:20:37:Infinity":16,"s:39:4:88:Infinity":17,"s:39:25:39:28":18,"s:41:28:41:Infinity":19,"f:41:36:41:43":2,"s:41:48:41:75":20,"s:44:12:44:Infinity":21,"s:45:12:45:Infinity":22,"s:46:24:46:Infinity":23,"f:46:26:46:30":3,"s:46:37:46:45":24,"s:47:24:47:Infinity":25,"s:50:19:50:Infinity":26,"s:51:12:51:Infinity":27,"s:54:12:54:Infinity":28,"s:55:6:55:Infinity":29,"s:56:6:56:Infinity":30,"s:59:37:59:Infinity":31,"s:60:6:66:Infinity":32,"s:61:23:61:Infinity":33,"f:61:31:61:36":4,"s:61:41:61:61":34,"b:62:8:65:Infinity:undefined:undefined:undefined:undefined":3,"s:62:8:65:Infinity":35,"b:62:12:62:35:62:35:62:48":4,"s:63:10:63:Infinity":36,"s:64:10:64:Infinity":37,"b:68:6:87:Infinity:undefined:undefined:undefined:undefined":5,"s:68:6:87:Infinity":38,"s:70:14:77:Infinity":39,"f:70:14:70:28":5,"s:70:43:77:Infinity":40,"s:78:31:80:Infinity":41,"f:79:11:79:18":6,"s:79:23:79:49":42,"s:82:8:84:Infinity":43,"f:82:68:82:74":7,"s:83:10:83:Infinity":44,"f:83:18:83:28":8,"s:83:33:83:52":45,"f:83:64:83:74":9,"s:83:79:83:98":46,"s:85:8:85:Infinity":47,"s:86:8:86:Infinity":48,"b:90:4:96:Infinity:undefined:undefined:undefined:undefined":6,"s:90:4:96:Infinity":49,"s:91:6:95:Infinity":50,"s:98:4:98:Infinity":51,"s:100:4:104:Infinity":52,"b:102:36:102:50:102:50:102:Infinity":7}}}
,"/Users/bhurivaj/Desktop/Works/dev/web app/structural_analysis/app/src/solver/linearSolve.ts": {"path":"/Users/bhurivaj/Desktop/Works/dev/web app/structural_analysis/app/src/solver/linearSolve.ts","statementMap":{"0":{"start":{"line":4,"column":8},"end":{"line":4,"column":null}},"1":{"start":{"line":5,"column":2},"end":{"line":5,"column":null}},"2":{"start":{"line":5,"column":27},"end":{"line":5,"column":33}}},"fnMap":{"0":{"name":"solve","decl":{"start":{"line":3,"column":16},"end":{"line":3,"column":22}},"loc":{"start":{"line":3,"column":60},"end":{"line":6,"column":null}},"line":3},"1":{"name":"(anonymous_1)","decl":{"start":{"line":5,"column":16},"end":{"line":5,"column":20}},"loc":{"start":{"line":5,"column":27},"end":{"line":5,"column":33}},"line":5}},"branchMap":{},"s":{"0":33,"1":33,"2":234},"f":{"0":33,"1":234},"b":{},"meta":{"lastBranch":0,"lastFunction":2,"lastStatement":3,"seen":{"f:3:16:3:22":0,"s:4:8:4:Infinity":0,"s:5:2:5:Infinity":1,"f:5:16:5:20":1,"s:5:27:5:33":2}}}
,"/Users/bhurivaj/Desktop/Works/dev/web app/structural_analysis/app/src/solver/loadVector.ts": {"path":"/Users/bhurivaj/Desktop/Works/dev/web app/structural_analysis/app/src/solver/loadVector.ts","statementMap":{"0":{"start":{"line":5,"column":39},"end":{"line":5,"column":57}},"1":{"start":{"line":20,"column":12},"end":{"line":20,"column":null}},"2":{"start":{"line":22,"column":2},"end":{"line":35,"column":null}},"3":{"start":{"line":23,"column":4},"end":{"line":34,"column":null}},"4":{"start":{"line":24,"column":19},"end":{"line":24,"column":null}},"5":{"start":{"line":25,"column":6},"end":{"line":25,"column":null}},"6":{"start":{"line":25,"column":17},"end":{"line":25,"column":null}},"7":{"start":{"line":26,"column":6},"end":{"line":26,"column":null}},"8":{"start":{"line":27,"column":6},"end":{"line":27,"column":null}},"9":{"start":{"line":28,"column":11},"end":{"line":34,"column":null}},"10":{"start":{"line":29,"column":19},"end":{"line":29,"column":null}},"11":{"start":{"line":30,"column":6},"end":{"line":30,"column":null}},"12":{"start":{"line":30,"column":36},"end":{"line":30,"column":null}},"13":{"start":{"line":31,"column":6},"end":{"line":31,"column":null}},"14":{"start":{"line":32,"column":11},"end":{"line":34,"column":null}},"15":{"start":{"line":33,"column":6},"end":{"line":33,"column":null}},"16":{"start":{"line":37,"column":2},"end":{"line":37,"column":null}},"17":{"start":{"line":47,"column":17},"end":{"line":47,"column":null}},"18":{"start":{"line":47,"column":35},"end":{"line":47,"column":57}},"19":{"start":{"line":48,"column":2},"end":{"line":48,"column":null}},"20":{"start":{"line":48,"column":15},"end":{"line":48,"column":null}},"21":{"start":{"line":49,"column":13},"end":{"line":49,"column":null}},"22":{"start":{"line":49,"column":29},"end":{"line":49,"column":56}},"23":{"start":{"line":50,"column":13},"end":{"line":50,"column":null}},"24":{"start":{"line":50,"column":29},"end":{"line":50,"column":54}},"25":{"start":{"line":51,"column":8},"end":{"line":51,"column":null}},"26":{"start":{"line":52,"column":8},"end":{"line":52,"column":null}},"27":{"start":{"line":53,"column":13},"end":{"line":53,"column":null}},"28":{"start":{"line":54,"column":13},"end":{"line":54,"column":null}},"29":{"start":{"line":59,"column":8},"end":{"line":59,"column":null}},"30":{"start":{"line":60,"column":13},"end":{"line":60,"column":null}},"31":{"start":{"line":61,"column":20},"end":{"line":61,"column":null}},"32":{"start":{"line":62,"column":19},"end":{"line":62,"column":null}},"33":{"start":{"line":63,"column":20},"end":{"line":63,"column":null}},"34":{"start":{"line":64,"column":19},"end":{"line":64,"column":null}},"35":{"start":{"line":68,"column":12},"end":{"line":68,"column":null}},"36":{"start":{"line":69,"column":12},"end":{"line":69,"column":null}},"37":{"start":{"line":73,"column":2},"end":{"line":91,"column":null}},"38":{"start":{"line":75,"column":4},"end":{"line":75,"column":null}},"39":{"start":{"line":76,"column":4},"end":{"line":76,"column":null}},"40":{"start":{"line":77,"column":4},"end":{"line":77,"column":null}},"41":{"start":{"line":78,"column":4},"end":{"line":78,"column":null}},"42":{"start":{"line":83,"column":15},"end":{"line":83,"column":null}},"43":{"start":{"line":84,"column":22},"end":{"line":84,"column":null}},"44":{"start":{"line":85,"column":20},"end":{"line":85,"column":null}},"45":{"start":{"line":86,"column":20},"end":{"line":86,"column":null}},"46":{"start":{"line":87,"column":4},"end":{"line":87,"column":null}},"47":{"start":{"line":88,"column":4},"end":{"line":88,"column":null}},"48":{"start":{"line":89,"column":4},"end":{"line":89,"column":null}},"49":{"start":{"line":90,"column":4},"end":{"line":90,"column":null}},"50":{"start":{"line":93,"column":16},"end":{"line":93,"column":null}},"51":{"start":{"line":94,"column":16},"end":{"line":94,"column":null}},"52":{"start":{"line":96,"column":2},"end":{"line":96,"column":null}},"53":{"start":{"line":97,"column":2},"end":{"line":97,"column":null}},"54":{"start":{"line":98,"column":2},"end":{"line":98,"column":null}},"55":{"start":{"line":98,"column":25},"end":{"line":98,"column":null}},"56":{"start":{"line":100,"column":2},"end":{"line":100,"column":null}},"57":{"start":{"line":101,"column":2},"end":{"line":101,"column":null}},"58":{"start":{"line":102,"column":2},"end":{"line":102,"column":null}},"59":{"start":{"line":102,"column":25},"end":{"line":102,"column":null}}},"fnMap":{"0":{"name":"mmToM2","decl":{"start":{"line":5,"column":9},"end":{"line":5,"column":16}},"loc":{"start":{"line":5,"column":37},"end":{"line":5,"column":null}},"line":5},"1":{"name":"assembleForceVector","decl":{"start":{"line":12,"column":16},"end":{"line":12,"column":null}},"loc":{"start":{"line":19,"column":12},"end":{"line":38,"column":null}},"line":19},"2":{"name":"applyDistributedLoad","decl":{"start":{"line":40,"column":9},"end":{"line":40,"column":null}},"loc":{"start":{"line":46,"column":2},"end":{"line":103,"column":null}},"line":46},"3":{"name":"(anonymous_3)","decl":{"start":{"line":47,"column":25},"end":{"line":47,"column":30}},"loc":{"start":{"line":47,"column":35},"end":{"line":47,"column":57}},"line":47},"4":{"name":"(anonymous_4)","decl":{"start":{"line":49,"column":19},"end":{"line":49,"column":24}},"loc":{"start":{"line":49,"column":29},"end":{"line":49,"column":56}},"line":49},"5":{"name":"(anonymous_5)","decl":{"start":{"line":50,"column":19},"end":{"line":50,"column":24}},"loc":{"start":{"line":50,"column":29},"end":{"line":50,"column":54}},"line":50}},"branchMap":{"0":{"loc":{"start":{"line":23,"column":4},"end":{"line":34,"column":null}},"type":"if","locations":[{"start":{"line":23,"column":4},"end":{"line":34,"column":null}},{"start":{"line":28,"column":11},"end":{"line":34,"column":null}}],"line":23},"1":{"loc":{"start":{"line":25,"column":6},"end":{"line":25,"column":null}},"type":"if","locations":[{"start":{"line":25,"column":6},"end":{"line":25,"column":null}},{"start":{},"end":{}}],"line":25},"2":{"loc":{"start":{"line":28,"column":11},"end":{"line":34,"column":null}},"type":"if","locations":[{"start":{"line":28,"column":11},"end":{"line":34,"column":null}},{"start":{"line":32,"column":11},"end":{"line":34,"column":null}}],"line":28},"3":{"loc":{"start":{"line":28,"column":15},"end":{"line":28,"column":68}},"type":"binary-expr","locations":[{"start":{"line":28,"column":15},"end":{"line":28,"column":41}},{"start":{"line":28,"column":41},"end":{"line":28,"column":68}}],"line":28},"4":{"loc":{"start":{"line":30,"column":6},"end":{"line":30,"column":null}},"type":"if","locations":[{"start":{"line":30,"column":6},"end":{"line":30,"column":null}},{"start":{},"end":{}}],"line":30},"5":{"loc":{"start":{"line":30,"column":10},"end":{"line":30,"column":36}},"type":"binary-expr","locations":[{"start":{"line":30,"column":10},"end":{"line":30,"column":19}},{"start":{"line":30,"column":19},"end":{"line":30,"column":36}}],"line":30},"6":{"loc":{"start":{"line":32,"column":11},"end":{"line":34,"column":null}},"type":"if","locations":[{"start":{"line":32,"column":11},"end":{"line":34,"column":null}},{"start":{},"end":{}}],"line":32},"7":{"loc":{"start":{"line":48,"column":2},"end":{"line":48,"column":null}},"type":"if","locations":[{"start":{"line":48,"column":2},"end":{"line":48,"column":null}},{"start":{},"end":{}}],"line":48},"8":{"loc":{"start":{"line":73,"column":2},"end":{"line":91,"column":null}},"type":"if","locations":[{"start":{"line":73,"column":2},"end":{"line":91,"column":null}},{"start":{"line":79,"column":9},"end":{"line":91,"column":null}}],"line":73},"9":{"loc":{"start":{"line":98,"column":2},"end":{"line":98,"column":null}},"type":"if","locations":[{"start":{"line":98,"column":2},"end":{"line":98,"column":null}},{"start":{},"end":{}}],"line":98},"10":{"loc":{"start":{"line":102,"column":2},"end":{"line":102,"column":null}},"type":"if","locations":[{"start":{"line":102,"column":2},"end":{"line":102,"column":null}},{"start":{},"end":{}}],"line":102}},"s":{"0":0,"1":52,"2":52,"3":54,"4":29,"5":29,"6":1,"7":28,"8":28,"9":25,"10":4,"11":4,"12":0,"13":4,"14":21,"15":20,"16":52,"17":20,"18":24,"19":20,"20":1,"21":19,"22":23,"23":19,"24":42,"25":19,"26":19,"27":19,"28":19,"29":19,"30":19,"31":19,"32":19,"33":19,"34":19,"35":19,"36":19,"37":19,"38":18,"39":18,"40":18,"41":18,"42":1,"43":1,"44":1,"45":1,"46":1,"47":1,"48":1,"49":1,"50":19,"51":19,"52":19,"53":19,"54":19,"55":19,"56":19,"57":19,"58":19,"59":19},"f":{"0":0,"1":52,"2":20,"3":24,"4":23,"5":42},"b":{"0":[29,25],"1":[1,28],"2":[4,21],"3":[25,5],"4":[0,4],"5":[4,4],"6":[20,1],"7":[1,19],"8":[18,1],"9":[19,0],"10":[19,0]},"meta":{"lastBranch":11,"lastFunction":6,"lastStatement":60,"seen":{"f:5:9:5:16":0,"s:5:39:5:57":0,"f:12:16:12:Infinity":1,"s:20:12:20:Infinity":1,"s:22:2:35:Infinity":2,"b:23:4:34:Infinity:28:11:34:Infinity":0,"s:23:4:34:Infinity":3,"s:24:19:24:Infinity":4,"b:25:6:25:Infinity:undefined:undefined:undefined:undefined":1,"s:25:6:25:Infinity":5,"s:25:17:25:Infinity":6,"s:26:6:26:Infinity":7,"s:27:6:27:Infinity":8,"b:28:11:34:Infinity:32:11:34:Infinity":2,"s:28:11:34:Infinity":9,"b:28:15:28:41:28:41:28:68":3,"s:29:19:29:Infinity":10,"b:30:6:30:Infinity:undefined:undefined:undefined:undefined":4,"s:30:6:30:Infinity":11,"b:30:10:30:19:30:19:30:36":5,"s:30:36:30:Infinity":12,"s:31:6:31:Infinity":13,"b:32:11:34:Infinity:undefined:undefined:undefined:undefined":6,"s:32:11:34:Infinity":14,"s:33:6:33:Infinity":15,"s:37:2:37:Infinity":16,"f:40:9:40:Infinity":2,"s:47:17:47:Infinity":17,"f:47:25:47:30":3,"s:47:35:47:57":18,"b:48:2:48:Infinity:undefined:undefined:undefined:undefined":7,"s:48:2:48:Infinity":19,"s:48:15:48:Infinity":20,"s:49:13:49:Infinity":21,"f:49:19:49:24":4,"s:49:29:49:56":22,"s:50:13:50:Infinity":23,"f:50:19:50:24":5,"s:50:29:50:54":24,"s:51:8:51:Infinity":25,"s:52:8:52:Infinity":26,"s:53:13:53:Infinity":27,"s:54:13:54:Infinity":28,"s:59:8:59:Infinity":29,"s:60:13:60:Infinity":30,"s:61:20:61:Infinity":31,"s:62:19:62:Infinity":32,"s:63:20:63:Infinity":33,"s:64:19:64:Infinity":34,"s:68:12:68:Infinity":35,"s:69:12:69:Infinity":36,"b:73:2:91:Infinity:79:9:91:Infinity":8,"s:73:2:91:Infinity":37,"s:75:4:75:Infinity":38,"s:76:4:76:Infinity":39,"s:77:4:77:Infinity":40,"s:78:4:78:Infinity":41,"s:83:15:83:Infinity":42,"s:84:22:84:Infinity":43,"s:85:20:85:Infinity":44,"s:86:20:86:Infinity":45,"s:87:4:87:Infinity":46,"s:88:4:88:Infinity":47,"s:89:4:89:Infinity":48,"s:90:4:90:Infinity":49,"s:93:16:93:Infinity":50,"s:94:16:94:Infinity":51,"s:96:2:96:Infinity":52,"s:97:2:97:Infinity":53,"b:98:2:98:Infinity:undefined:undefined:undefined:undefined":9,"s:98:2:98:Infinity":54,"s:98:25:98:Infinity":55,"s:100:2:100:Infinity":56,"s:101:2:101:Infinity":57,"b:102:2:102:Infinity:undefined:undefined:undefined:undefined":10,"s:102:2:102:Infinity":58,"s:102:25:102:Infinity":59}}}
,"/Users/bhurivaj/Desktop/Works/dev/web app/structural_analysis/app/src/solver/postProcessor.ts": {"path":"/Users/bhurivaj/Desktop/Works/dev/web app/structural_analysis/app/src/solver/postProcessor.ts","statementMap":{"0":{"start":{"line":6,"column":17},"end":{"line":6,"column":null}},"1":{"start":{"line":8,"column":40},"end":{"line":8,"column":59}},"2":{"start":{"line":9,"column":39},"end":{"line":9,"column":57}},"3":{"start":{"line":10,"column":42},"end":{"line":10,"column":59}},"4":{"start":{"line":17,"column":2},"end":{"line":25,"column":null}},"5":{"start":{"line":18,"column":17},"end":{"line":18,"column":null}},"6":{"start":{"line":19,"column":4},"end":{"line":24,"column":null}},"7":{"start":{"line":36,"column":38},"end":{"line":36,"column":null}},"8":{"start":{"line":37,"column":15},"end":{"line":37,"column":null}},"9":{"start":{"line":39,"column":2},"end":{"line":55,"column":null}},"10":{"start":{"line":40,"column":4},"end":{"line":40,"column":null}},"11":{"start":{"line":40,"column":33},"end":{"line":40,"column":null}},"12":{"start":{"line":41,"column":17},"end":{"line":41,"column":null}},"13":{"start":{"line":43,"column":13},"end":{"line":43,"column":16}},"14":{"start":{"line":43,"column":21},"end":{"line":43,"column":24}},"15":{"start":{"line":43,"column":29},"end":{"line":43,"column":null}},"16":{"start":{"line":44,"column":4},"end":{"line":49,"column":null}},"17":{"start":{"line":44,"column":17},"end":{"line":44,"column":20}},"18":{"start":{"line":45,"column":6},"end":{"line":45,"column":null}},"19":{"start":{"line":46,"column":6},"end":{"line":46,"column":null}},"20":{"start":{"line":47,"column":6},"end":{"line":48,"column":null}},"21":{"start":{"line":48,"column":8},"end":{"line":48,"column":null}},"22":{"start":{"line":50,"column":4},"end":{"line":50,"column":null}},"23":{"start":{"line":51,"column":4},"end":{"line":51,"column":null}},"24":{"start":{"line":52,"column":4},"end":{"line":52,"column":null}},"25":{"start":{"line":52,"column":55},"end":{"line":52,"column":null}},"26":{"start":{"line":54,"column":4},"end":{"line":54,"column":null}},"27":{"start":{"line":56,"column":2},"end":{"line":56,"column":null}},"28":{"start":{"line":67,"column":2},"end":{"line":147,"column":null}},"29":{"start":{"line":68,"column":15},"end":{"line":68,"column":null}},"30":{"start":{"line":68,"column":31},"end":{"line":68,"column":58}},"31":{"start":{"line":69,"column":15},"end":{"line":69,"column":null}},"32":{"start":{"line":69,"column":31},"end":{"line":69,"column":56}},"33":{"start":{"line":70,"column":10},"end":{"line":70,"column":null}},"34":{"start":{"line":71,"column":10},"end":{"line":71,"column":null}},"35":{"start":{"line":72,"column":14},"end":{"line":72,"column":null}},"36":{"start":{"line":73,"column":14},"end":{"line":73,"column":null}},"37":{"start":{"line":75,"column":15},"end":{"line":75,"column":null}},"38":{"start":{"line":76,"column":15},"end":{"line":76,"column":null}},"39":{"start":{"line":78,"column":14},"end":{"line":78,"column":null}},"40":{"start":{"line":79,"column":14},"end":{"line":79,"column":null}},"41":{"start":{"line":80,"column":14},"end":{"line":80,"column":null}},"42":{"start":{"line":81,"column":20},"end":{"line":81,"column":null}},"43":{"start":{"line":84,"column":15},"end":{"line":85,"column":null}},"44":{"start":{"line":88,"column":15},"end":{"line":95,"column":null}},"45":{"start":{"line":99,"column":4},"end":{"line":110,"column":null}},"46":{"start":{"line":100,"column":6},"end":{"line":100,"column":null}},"47":{"start":{"line":101,"column":6},"end":{"line":101,"column":null}},"48":{"start":{"line":102,"column":6},"end":{"line":102,"column":14}},"49":{"start":{"line":102,"column":14},"end":{"line":102,"column":22}},"50":{"start":{"line":102,"column":22},"end":{"line":102,"column":30}},"51":{"start":{"line":102,"column":30},"end":{"line":102,"column":null}},"52":{"start":{"line":104,"column":6},"end":{"line":104,"column":null}},"53":{"start":{"line":105,"column":6},"end":{"line":105,"column":null}},"54":{"start":{"line":106,"column":6},"end":{"line":106,"column":null}},"55":{"start":{"line":107,"column":6},"end":{"line":107,"column":null}},"56":{"start":{"line":108,"column":6},"end":{"line":108,"column":null}},"57":{"start":{"line":109,"column":6},"end":{"line":109,"column":null}},"58":{"start":{"line":113,"column":22},"end":{"line":113,"column":null}},"59":{"start":{"line":113,"column":40},"end":{"line":113,"column":118}},"60":{"start":{"line":116,"column":21},"end":{"line":116,"column":null}},"61":{"start":{"line":116,"column":64},"end":{"line":116,"column":82}},"62":{"start":{"line":117,"column":24},"end":{"line":117,"column":null}},"63":{"start":{"line":118,"column":24},"end":{"line":118,"column":null}},"64":{"start":{"line":119,"column":24},"end":{"line":119,"column":null}},"65":{"start":{"line":121,"column":4},"end":{"line":137,"column":null}},"66":{"start":{"line":122,"column":16},"end":{"line":122,"column":null}},"67":{"start":{"line":123,"column":14},"end":{"line":123,"column":null}},"68":{"start":{"line":124,"column":14},"end":{"line":124,"column":null}},"69":{"start":{"line":125,"column":14},"end":{"line":125,"column":null}},"70":{"start":{"line":127,"column":6},"end":{"line":132,"column":null}},"71":{"start":{"line":129,"column":20},"end":{"line":129,"column":null}},"72":{"start":{"line":130,"column":8},"end":{"line":130,"column":null}},"73":{"start":{"line":131,"column":8},"end":{"line":131,"column":null}},"74":{"start":{"line":134,"column":6},"end":{"line":134,"column":null}},"75":{"start":{"line":135,"column":6},"end":{"line":135,"column":null}},"76":{"start":{"line":136,"column":6},"end":{"line":136,"column":null}},"77":{"start":{"line":139,"column":4},"end":{"line":146,"column":null}}},"fnMap":{"0":{"name":"mm4ToM4","decl":{"start":{"line":8,"column":9},"end":{"line":8,"column":17}},"loc":{"start":{"line":8,"column":38},"end":{"line":8,"column":null}},"line":8},"1":{"name":"mmToM2","decl":{"start":{"line":9,"column":9},"end":{"line":9,"column":16}},"loc":{"start":{"line":9,"column":37},"end":{"line":9,"column":null}},"line":9},"2":{"name":"mpaToKnM2","decl":{"start":{"line":10,"column":9},"end":{"line":10,"column":19}},"loc":{"start":{"line":10,"column":40},"end":{"line":10,"column":null}},"line":10},"3":{"name":"extractDisplacements","decl":{"start":{"line":12,"column":16},"end":{"line":12,"column":null}},"loc":{"start":{"line":16,"column":16},"end":{"line":26,"column":null}},"line":16},"4":{"name":"(anonymous_4)","decl":{"start":{"line":17,"column":15},"end":{"line":17,"column":19}},"loc":{"start":{"line":17,"column":27},"end":{"line":25,"column":3}},"line":17},"5":{"name":"computeReactions","decl":{"start":{"line":28,"column":16},"end":{"line":28,"column":null}},"loc":{"start":{"line":35,"column":20},"end":{"line":57,"column":null}},"line":35},"6":{"name":"computeMemberResults","decl":{"start":{"line":59,"column":16},"end":{"line":59,"column":null}},"loc":{"start":{"line":66,"column":18},"end":{"line":148,"column":null}},"line":66},"7":{"name":"(anonymous_7)","decl":{"start":{"line":67,"column":17},"end":{"line":67,"column":21}},"loc":{"start":{"line":67,"column":31},"end":{"line":147,"column":3}},"line":67},"8":{"name":"(anonymous_8)","decl":{"start":{"line":68,"column":21},"end":{"line":68,"column":26}},"loc":{"start":{"line":68,"column":31},"end":{"line":68,"column":58}},"line":68},"9":{"name":"(anonymous_9)","decl":{"start":{"line":69,"column":21},"end":{"line":69,"column":26}},"loc":{"start":{"line":69,"column":31},"end":{"line":69,"column":56}},"line":69},"10":{"name":"(anonymous_10)","decl":{"start":{"line":113,"column":28},"end":{"line":113,"column":35}},"loc":{"start":{"line":113,"column":40},"end":{"line":113,"column":118}},"line":113},"11":{"name":"(anonymous_11)","decl":{"start":{"line":116,"column":51},"end":{"line":116,"column":55}},"loc":{"start":{"line":116,"column":64},"end":{"line":116,"column":82}},"line":116}},"branchMap":{"0":{"loc":{"start":{"line":21,"column":11},"end":{"line":21,"column":30}},"type":"binary-expr","locations":[{"start":{"line":21,"column":11},"end":{"line":21,"column":25}},{"start":{"line":21,"column":25},"end":{"line":21,"column":30}}],"line":21},"1":{"loc":{"start":{"line":22,"column":11},"end":{"line":22,"column":30}},"type":"binary-expr","locations":[{"start":{"line":22,"column":11},"end":{"line":22,"column":25}},{"start":{"line":22,"column":25},"end":{"line":22,"column":30}}],"line":22},"2":{"loc":{"start":{"line":23,"column":10},"end":{"line":23,"column":null}},"type":"binary-expr","locations":[{"start":{"line":23,"column":10},"end":{"line":23,"column":24}},{"start":{"line":23,"column":24},"end":{"line":23,"column":null}}],"line":23},"3":{"loc":{"start":{"line":40,"column":4},"end":{"line":40,"column":null}},"type":"if","locations":[{"start":{"line":40,"column":4},"end":{"line":40,"column":null}},{"start":{},"end":{}}],"line":40},"4":{"loc":{"start":{"line":47,"column":6},"end":{"line":48,"column":null}},"type":"if","locations":[{"start":{"line":47,"column":6},"end":{"line":48,"column":null}},{"start":{},"end":{}}],"line":47},"5":{"loc":{"start":{"line":47,"column":10},"end":{"line":47,"column":null}},"type":"binary-expr","locations":[{"start":{"line":47,"column":10},"end":{"line":47,"column":30}},{"start":{"line":47,"column":30},"end":{"line":47,"column":null}}],"line":47},"6":{"loc":{"start":{"line":52,"column":4},"end":{"line":52,"column":null}},"type":"if","locations":[{"start":{"line":52,"column":4},"end":{"line":52,"column":null}},{"start":{},"end":{}}],"line":52},"7":{"loc":{"start":{"line":52,"column":8},"end":{"line":52,"column":55}},"type":"binary-expr","locations":[{"start":{"line":52,"column":8},"end":{"line":52,"column":28}},{"start":{"line":52,"column":28},"end":{"line":52,"column":55}}],"line":52},"8":{"loc":{"start":{"line":81,"column":20},"end":{"line":81,"column":null}},"type":"binary-expr","locations":[{"start":{"line":81,"column":20},"end":{"line":81,"column":49}},{"start":{"line":81,"column":49},"end":{"line":81,"column":null}}],"line":81},"9":{"loc":{"start":{"line":84,"column":36},"end":{"line":84,"column":null}},"type":"cond-expr","locations":[{"start":{"line":84,"column":53},"end":{"line":84,"column":64}},{"start":{"line":84,"column":64},"end":{"line":84,"column":null}}],"line":84},"10":{"loc":{"start":{"line":85,"column":37},"end":{"line":85,"column":66}},"type":"cond-expr","locations":[{"start":{"line":85,"column":54},"end":{"line":85,"column":65}},{"start":{"line":85,"column":65},"end":{"line":85,"column":66}}],"line":85},"11":{"loc":{"start":{"line":99,"column":4},"end":{"line":110,"column":null}},"type":"if","locations":[{"start":{"line":99,"column":4},"end":{"line":110,"column":null}},{"start":{"line":103,"column":11},"end":{"line":110,"column":null}}],"line":99},"12":{"loc":{"start":{"line":113,"column":40},"end":{"line":113,"column":118}},"type":"binary-expr","locations":[{"start":{"line":113,"column":40},"end":{"line":113,"column":74}},{"start":{"line":113,"column":74},"end":{"line":113,"column":118}}],"line":113}},"s":{"0":2,"1":52,"2":52,"3":52,"4":33,"5":85,"6":85,"7":33,"8":33,"9":33,"10":85,"11":26,"12":59,"13":59,"14":59,"15":59,"16":59,"17":59,"18":426,"19":426,"20":426,"21":336,"22":59,"23":59,"24":59,"25":42,"26":59,"27":33,"28":33,"29":52,"30":71,"31":52,"32":127,"33":52,"34":52,"35":52,"36":52,"37":52,"38":52,"39":52,"40":52,"41":52,"42":52,"43":52,"44":52,"45":52,"46":13,"47":13,"48":13,"49":13,"50":13,"51":13,"52":39,"53":39,"54":39,"55":39,"56":39,"57":39,"58":52,"59":60,"60":52,"61":1092,"62":52,"63":52,"64":52,"65":52,"66":1092,"67":1092,"68":1092,"69":1092,"70":1092,"71":231,"72":231,"73":231,"74":1092,"75":1092,"76":1092,"77":52},"f":{"0":52,"1":52,"2":52,"3":33,"4":85,"5":33,"6":33,"7":52,"8":71,"9":127,"10":60,"11":1092},"b":{"0":[85,0],"1":[85,0],"2":[85,21],"3":[26,59],"4":[336,90],"5":[426,336],"6":[42,17],"7":[59,42],"8":[52,39],"9":[39,13],"10":[39,13],"11":[13,39],"12":[60,19]},"meta":{"lastBranch":13,"lastFunction":12,"lastStatement":78,"seen":{"s:6:17:6:Infinity":0,"f:8:9:8:17":0,"s:8:40:8:59":1,"f:9:9:9:16":1,"s:9:39:9:57":2,"f:10:9:10:19":2,"s:10:42:10:59":3,"f:12:16:12:Infinity":3,"s:17:2:25:Infinity":4,"f:17:15:17:19":4,"s:18:17:18:Infinity":5,"s:19:4:24:Infinity":6,"b:21:11:21:25:21:25:21:30":0,"b:22:11:22:25:22:25:22:30":1,"b:23:10:23:24:23:24:23:Infinity":2,"f:28:16:28:Infinity":5,"s:36:38:36:Infinity":7,"s:37:15:37:Infinity":8,"s:39:2:55:Infinity":9,"b:40:4:40:Infinity:undefined:undefined:undefined:undefined":3,"s:40:4:40:Infinity":10,"s:40:33:40:Infinity":11,"s:41:17:41:Infinity":12,"s:43:13:43:16":13,"s:43:21:43:24":14,"s:43:29:43:Infinity":15,"s:44:4:49:Infinity":16,"s:44:17:44:20":17,"s:45:6:45:Infinity":18,"s:46:6:46:Infinity":19,"b:47:6:48:Infinity:undefined:undefined:undefined:undefined":4,"s:47:6:48:Infinity":20,"b:47:10:47:30:47:30:47:Infinity":5,"s:48:8:48:Infinity":21,"s:50:4:50:Infinity":22,"s:51:4:51:Infinity":23,"b:52:4:52:Infinity:undefined:undefined:undefined:undefined":6,"s:52:4:52:Infinity":24,"b:52:8:52:28:52:28:52:55":7,"s:52:55:52:Infinity":25,"s:54:4:54:Infinity":26,"s:56:2:56:Infinity":27,"f:59:16:59:Infinity":6,"s:67:2:147:Infinity":28,"f:67:17:67:21":7,"s:68:15:68:Infinity":29,"f:68:21:68:26":8,"s:68:31:68:58":30,"s:69:15:69:Infinity":31,"f:69:21:69:26":9,"s:69:31:69:56":32,"s:70:10:70:Infinity":33,"s:71:10:71:Infinity":34,"s:72:14:72:Infinity":35,"s:73:14:73:Infinity":36,"s:75:15:75:Infinity":37,"s:76:15:76:Infinity":38,"s:78:14:78:Infinity":39,"s:79:14:79:Infinity":40,"s:80:14:80:Infinity":41,"s:81:20:81:Infinity":42,"b:81:20:81:49:81:49:81:Infinity":8,"s:84:15:85:Infinity":43,"b:84:53:84:64:84:64:84:Infinity":9,"b:85:54:85:65:85:65:85:66":10,"s:88:15:95:Infinity":44,"b:99:4:110:Infinity:103:11:110:Infinity":11,"s:99:4:110:Infinity":45,"s:100:6:100:Infinity
[...]
:16},"end":{"line":47,"column":null}},"loc":{"start":{"line":54,"column":12},"end":{"line":125,"column":null}},"line":54},"1":{"name":"performDesignCheck","decl":{"start":{"line":127,"column":16},"end":{"line":127,"column":null}},"loc":{"start":{"line":135,"column":23},"end":{"line":215,"column":null}},"line":135},"2":{"name":"(anonymous_2)","decl":{"start":{"line":146,"column":32},"end":{"line":146,"column":null}},"loc":{"start":{"line":147,"column":22},"end":{"line":147,"column":null}},"line":147},"3":{"name":"performDesignCheckEnvelope","decl":{"start":{"line":217,"column":16},"end":{"line":217,"column":null}},"loc":{"start":{"line":225,"column":31},"end":{"line":250,"column":null}},"line":225},"4":{"name":"(anonymous_4)","decl":{"start":{"line":246,"column":38},"end":{"line":246,"column":43}},"loc":{"start":{"line":246,"column":70},"end":{"line":249,"column":4}},"line":246},"5":{"name":"getSuggestion","decl":{"start":{"line":252,"column":9},"end":{"line":252,"column":null}},"loc":{"start":{"line":257,"column":10},"end":{"line":269,"column":null}},"line":257}},"branchMap":{"0":{"loc":{"start":{"line":52,"column":2},"end":{"line":52,"column":null}},"type":"default-arg","locations":[{"start":{"line":52,"column":24},"end":{"line":52,"column":null}}],"line":52},"1":{"loc":{"start":{"line":53,"column":2},"end":{"line":53,"column":null}},"type":"default-arg","locations":[{"start":{"line":53,"column":20},"end":{"line":53,"column":null}}],"line":53},"2":{"loc":{"start":{"line":62,"column":2},"end":{"line":98,"column":null}},"type":"if","locations":[{"start":{"line":62,"column":2},"end":{"line":98,"column":null}},{"start":{"line":67,"column":9},"end":{"line":98,"column":null}}],"line":62},"3":{"loc":{"start":{"line":63,"column":4},"end":{"line":66,"column":null}},"type":"if","locations":[{"start":{"line":63,"column":4},"end":{"line":66,"column":null}},{"start":{},"end":{}}],"line":63},"4":{"loc":{"start":{"line":68,"column":4},"end":{"line":81,"column":null}},"type":"if","locations":[{"start":{"line":68,"column":4},"end":{"line":81,"column":null}},{"start":{},"end":{}}],"line":68},"5":{"loc":{"start":{"line":69,"column":6},"end":{"line":80,"column":null}},"type":"if","locations":[{"start":{"line":69,"column":6},"end":{"line":80,"column":null}},{"start":{"line":78,"column":13},"end":{"line":80,"column":null}}],"line":69},"6":{"loc":{"start":{"line":69,"column":10},"end":{"line":69,"column":47}},"type":"binary-expr","locations":[{"start":{"line":69,"column":10},"end":{"line":69,"column":27}},{"start":{"line":69,"column":27},"end":{"line":69,"column":37}},{"start":{"line":69,"column":37},"end":{"line":69,"column":47}}],"line":69},"7":{"loc":{"start":{"line":74,"column":10},"end":{"line":76,"column":null}},"type":"cond-expr","locations":[{"start":{"line":75,"column":14},"end":{"line":75,"column":null}},{"start":{"line":76,"column":14},"end":{"line":76,"column":null}}],"line":74},"8":{"loc":{"start":{"line":83,"column":4},"end":{"line":92,"column":null}},"type":"if","locations":[{"start":{"line":83,"column":4},"end":{"line":92,"column":null}},{"start":{},"end":{}}],"line":83},"9":{"loc":{"start":{"line":85,"column":6},"end":{"line":90,"column":null}},"type":"if","locations":[{"start":{"line":85,"column":6},"end":{"line":90,"column":null}},{"start":{"line":88,"column":13},"end":{"line":90,"column":null}}],"line":85},"10":{"loc":{"start":{"line":85,"column":10},"end":{"line":85,"column":30}},"type":"binary-expr","locations":[{"start":{"line":85,"column":10},"end":{"line":85,"column":20}},{"start":{"line":85,"column":20},"end":{"line":85,"column":30}}],"line":85},"11":{"loc":{"start":{"line":87,"column":17},"end":{"line":87,"column":null}},"type":"cond-expr","locations":[{"start":{"line":87,"column":30},"end":{"line":87,"column":46}},{"start":{"line":87,"column":46},"end":{"line":87,"column":null}}],"line":87},"12":{"loc":{"start":{"line":91,"column":19},"end":{"line":91,"column":null}},"type":"cond-expr","locations":[{"start":{"line":91,"column":33},"end":{"line":91,"column":59}},{"start":{"line":91,"column":59},"end":{"line":91,"column":null}}],"line":91},"13":{"loc":{"start":{"line":94,"column":15},"end":{"line":94,"column":null}},"type":"cond-expr","locations":[{"start":{"line":94,"column":33},"end":{"line":94,"column":42}},{"start":{"line":94,"column":42},"end":{"line":94,"column":null}}],"line":94},"14":{"loc":{"start":{"line":94,"column":15},"end":{"line":94,"column":33}},"type":"binary-expr","locations":[{"start":{"line":94,"column":15},"end":{"line":94,"column":24}},{"start":{"line":94,"column":24},"end":{"line":94,"column":33}}],"line":94},"15":{"loc":{"start":{"line":95,"column":4},"end":{"line":97,"column":null}},"type":"if","locations":[{"start":{"line":95,"column":4},"end":{"line":97,"column":null}},{"start":{},"end":{}}],"line":95},"16":{"loc":{"start":{"line":101,"column":2},"end":{"line":109,"column":null}},"type":"if","locations":[{"start":{"line":101,"column":2},"end":{"line":109,"column":null}},{"start":{"line":103,"column":9},"end":{"line":109,"column":null}}],"line":101},"17":{"loc":{"start":{"line":105,"column":6},"end":{"line":107,"column":null}},"type":"cond-expr","locations":[{"start":{"line":106,"column":10},"end":{"line":106,"column":null}},{"start":{"line":107,"column":10},"end":{"line":107,"column":null}}],"line":105},"18":{"loc":{"start":{"line":112,"column":2},"end":{"line":116,"column":null}},"type":"if","locations":[{"start":{"line":112,"column":2},"end":{"line":116,"column":null}},{"start":{"line":114,"column":9},"end":{"line":116,"column":null}}],"line":112},"19":{"loc":{"start":{"line":113,"column":13},"end":{"line":113,"column":null}},"type":"cond-expr","locations":[{"start":{"line":113,"column":50},"end":{"line":113,"column":63}},{"start":{"line":113,"column":63},"end":{"line":113,"column":null}}],"line":113},"20":{"loc":{"start":{"line":133,"column":2},"end":{"line":133,"column":null}},"type":"default-arg","locations":[{"start":{"line":133,"column":24},"end":{"line":133,"column":null}}],"line":133},"21":{"loc":{"start":{"line":134,"column":2},"end":{"line":134,"column":null}},"type":"default-arg","locations":[{"start":{"line":134,"column":20},"end":{"line":134,"column":null}}],"line":134},"22":{"loc":{"start":{"line":140,"column":4},"end":{"line":140,"column":null}},"type":"if","locations":[{"start":{"line":140,"column":4},"end":{"line":140,"column":null}},{"start":{},"end":{}}],"line":140},"23":{"loc":{"start":{"line":147,"column":22},"end":{"line":147,"column":null}},"type":"cond-expr","locations":[{"start":{"line":147,"column":58},"end":{"line":147,"column":62}},{"start":{"line":147,"column":62},"end":{"line":147,"column":null}}],"line":147},"24":{"loc":{"start":{"line":161,"column":4},"end":{"line":172,"column":null}},"type":"if","locations":[{"start":{"line":161,"column":4},"end":{"line":172,"column":null}},{"start":{},"end":{}}],"line":161},"25":{"loc":{"start":{"line":163,"column":6},"end":{"line":171,"column":null}},"type":"if","locations":[{"start":{"line":163,"column":6},"end":{"line":171,"column":null}},{"start":{},"end":{}}],"line":163},"26":{"loc":{"start":{"line":165,"column":13},"end":{"line":165,"column":null}},"type":"binary-expr","locations":[{"start":{"line":165,"column":13},"end":{"line":165,"column":27}},{"start":{"line":165,"column":27},"end":{"line":165,"column":null}}],"line":165},"27":{"loc":{"start":{"line":166,"column":13},"end":{"line":166,"column":null}},"type":"binary-expr","locations":[{"start":{"line":166,"column":13},"end":{"line":166,"column":27}},{"start":{"line":166,"column":27},"end":{"line":166,"column":null}}],"line":166},"28":{"loc":{"start":{"line":167,"column":13},"end":{"line":167,"column":null}},"type":"binary-expr","locations":[{"start":{"line":167,"column":13},"end":{"line":167,"column":27}},{"start":{"line":167,"column":27},"end":{"line":167,"column":null}}],"line":167},"29":{"loc":{"start":{"line":168,"column":12},"end":{"line":168,"column":null}},"type":"binary-expr","locations":[{"start":{"line":168,"column":12},"end":{"line":168,"column":25}},{"start":{"line":168,"column":25},"end":{"line":168,"column":null}}],"line":168},"30":{"loc":{"start":{"line":169,"column":13},"end":{"line":169,"column":null}},"type":"binary-expr","locations":[{"start":{"line":169,"column":13},"end":{"line":169,"column":27}},{"start":{"line":169,"column":27},"end":{"line":169,"column":null}}],"line":169},"31":{"loc":{"start":{"line":170,"column":12},"end":{"line":170,"column":null}},"type":"binary-expr","locations":[{"start":{"line":170,"column":12},"end":{"line":170,"column":25}},{"start":{"line":170,"column":25},"end":{"line":170,"column":null}}],"line":170},"32":{"loc":{"start":{"line":177,"column":4},"end":{"line":181,"column":null}},"type":"if","locations":[{"start":{"line":177,"column":4},"end":{"line":181,"column":null}},{"start":{},"end":{}}],"line":177},"33":{"loc":{"start":{"line":177,"column":8},"end":{"line":177,"column":30}},"type":"binary-expr","locations":[{"start":{"line":177,"column":8},"end":{"line":177,"column":21}},{"start":{"line":177,"column":21},"end":{"line":177,"column":30}}],"line":177},"34":{"loc":{"start":{"line":183,"column":15},"end":{"line":183,"column":null}},"type":"cond-expr","locations":[{"start":{"line":183,"column":24},"end":{"line":183,"column":44}},{"start":{"line":183,"column":44},"end":{"line":183,"column":null}}],"line":183},"35":{"loc":{"start":{"line":206,"column":19},"end":{"line":206,"column":null}},"type":"binary-expr","locations":[{"start":{"line":206,"column":19},"end":{"line":206,"column":35}},{"start":{"line":206,"column":35},"end":{"line":206,"column":null}}],"line":206},"36":{"loc":{"start":{"line":223,"column":2},"end":{"line":223,"column":null}},"type":"default-arg","locations":[{"start":{"line":223,"column":24},"end":{"line":223,"column":null}}],"line":223},"37":{"loc":{"start":{"line":224,"column":2},"end":{"line":224,"column":null}},"type":"default-arg","locations":[{"start":{"line":224,"column":20},"end":{"line":224,"column":null}}],"line":224},"38":{"loc":{"start":{"line":240,"column":6},"end":{"line":242,"column":null}},"type":"if","locations":[{"start":{"line":240,"column":6},"end":{"line":242,"column":null}},{"start":{},"end":{}}],"line":240},"39":{"loc":{"start":{"line":240,"column":10},"end":{"line":240,"column":66}},"type":"binary-expr","locations":[{"start":{"line":240,"column":10},"end":{"line":240,"column":22}},{"start":{"line":240,"column":22},"end":{"line":240,"column":66}}],"line":240},"40":{"loc":{"start":{"line":258,"column":2},"end":{"line":258,"column":null}},"type":"if","locations":[{"start":{"line":258,"column":2},"end":{"line":258,"column":null}},{"start":{},"end":{}}],"line":258},"41":{"loc":{"start":{"line":259,"column":2},"end":{"line":259,"column":null}},"type":"if","locations":[{"start":{"line":259,"column":2},"end":{"line":259,"column":null}},{"start":{},"end":{}}],"line":259},"42":{"loc":{"start":{"line":261,"column":2},"end":{"line":262,"column":null}},"type":"if","locations":[{"start":{"line":261,"column":2},"end":{"line":262,"column":null}},{"start":{},"end":{}}],"line":261},"43":{"loc":{"start":{"line":263,"column":2},"end":{"line":264,"column":null}},"type":"if","locations":[{"start":{"line":263,"column":2},"end":{"line":264,"column":null}},{"start":{},"end":{}}],"line":263},"44":{"loc":{"start":{"line":263,"column":6},"end":{"line":263,"column":null}},"type":"binary-expr","locations":[{"start":{"line":263,"column":6},"end":{"line":263,"column":24}},{"start":{"line":263,"column":24},"end":{"line":263,"column":null}}],"line":263},"45":{"loc":{"start":{"line":265,"column":2},"end":{"line":266,"column":null}},"type":"if","locations":[{"start":{"line":265,"column":2},"end":{"line":266,"column":null}},{"start":{},"end":{}}],"line":265},"46":{"loc":{"start":{"line":265,"column":6},"end":{"line":265,"column":null}},"type":"binary-expr","locations":[{"start":{"line":265,"column":6},"end":{"line":265,"column":26}},{"start":{"line":265,"column":26},"end":{"line":265,"column":null}}],"line":265}},"s":{"0":35,"1":35,"2":35,"3":35,"4":35,"5":35,"6":5,"7":5,"8":5,"9":30,"10":30,"11":3,"12":3,"13":3,"14":3,"15":3,"16":27,"17":30,"18":25,"19":24,"20":24,"21":1,"22":25,"23":30,"24":30,"25":30,"26":35,"27":5,"28":30,"29":30,"30":35,"31":23,"32":12,"33":35,"34":9,"35":9,"36":10,"37":10,"38":0,"39":10,"40":10,"41":10,"42":10,"43":26,"44":10,"45":10,"46":10,"47":10,"48":10,"49":10,"50":10,"51":10,"52":10,"53":2,"54":2,"55":2,"56":2,"57":2,"58":2,"59":2,"60":2,"61":2,"62":10,"63":10,"64":10,"65":10,"66":10,"67":10,"68":10,"69":10,"70":10,"71":10,"72":10,"73":10,"74":10,"75":9,"76":3,"77":3,"78":3,"79":3,"80":3,"81":3,"82":3,"83":3,"84":2,"85":10,"86":4,"87":6,"88":6,"89":6,"90":6,"91":6,"92":6,"93":0,"94":0,"95":0},"f":{"0":35,"1":9,"2":26,"3":3,"4":2,"5":10},"b":{"0":[35],"1":[35],"2":[5,30],"3":[5,0],"4":[30,0],"5":[3,27],"6":[30,3,3],"7":[0,3],"8":[25,5],"9":[24,1],"10":[25,25],"11":[0,24],"12":[25,0],"13":[24,6],"14":[30,24],"15":[30,0],"16":[5,30],"17":[7,23],"18":[23,12],"19":[1,22],"20":[9],"21":[9],"22":[0,10],"23":[0,26],"24":[2,8],"25":[2,0],"26":[2,0],"27":[2,0],"28":[2,0],"29":[2,0],"30":[2,0],"31":[2,0],"32":[10,0],"33":[10,10],"34":[2,8],"35":[10,2],"36":[3],"37":[3],"38":[3,0],"39":[3,1],"40":[4,6],"41":[0,6],"42":[0,6],"43":[6,0],"44":[6,6],"45":[0,0],"46":[0,0]},"meta":{"lastBranch":47,"lastFunction":6,"lastStatement":96,"seen":{"f:47:16:47:Infinity":0,"b:52:24:52:Infinity":0,"b:53:20:53:Infinity":1,"s:55:55:55:Infinity":0,"s:56:38:56:Infinity":1,"s:58:17:58:Infinity":2,"s:59:19:59:Infinity":3,"s:60:17:60:Infinity":4,"b:62:2:98:Infinity:67:9:98:Infinity":2,"s:62:2:98:Infinity":5,"b:63:4:66:Infinity:undefined:undefined:undefined:undefined":3,"s:63:4:66:Infinity":6,"s:64:21:64:Infinity":7,"s:65:6:65:Infinity":8,"b:68:4:81:Infinity:undefined:undefined:undefined:undefined":4,"s:68:4:81:Infinity":9,"b:69:6:80:Infinity:78:13:80:Infinity":5,"s:69:6:80:Infinity":10,"b:69:10:69:27:69:27:69:37:69:37:69:47":6,"s:70:27:70:Infinity":11,"s:71:20:71:Infinity":12,"s:72:33:72:Infinity":13,"s:74:10:76:Infinity":14,"b:75:14:75:Infinity:76:14:76:Infinity":7,"s:77:8:77:Infinity":15,"s:79:8:79:Infinity":16,"b:83:4:92:Infinity:undefined:undefined:undefined:undefined":8,"s:83:4:92:Infinity":17,"b:85:6:90:Infinity:88:13:90:Infinity":9,"s:85:6:90:Infinity":18,"b:85:10:85:20:85:20:85:30":10,"s:86:19:86:Infinity":19,"s:87:8:87:Infinity":20,"b:87:30:87:46:87:46:87:Infinity":11,"s:89:8:89:Infinity":21,"s:91:6:91:Infinity":22,"b:91:33:91:59:91:59:91:Infinity":12,"s:94:15:94:Infinity":23,"b:94:33:94:42:94:42:94:Infinity":13,"b:94:15:94:24:94:24:94:33":14,"b:95:4:97:Infinity:undefined:undefined:undefined:undefined":15,"s:95:4:97:Infinity":24,"s:96:6:96:Infinity":25,"b:101:2:109:Infinity:103:9:109:Infinity":16,"s:101:2:109:Infinity":26,"s:102:4:102:Infinity":27,"s:105:6:107:Infinity":28,"b:106:10:106:Infinity:107:10:107:Infinity":17,"s:108:4:108:Infinity":29,"b:112:2:116:Infinity:114:9:116:Infinity":18,"s:112:2:116:Infinity":30,"s:113:4:113:Infinity":31,"b:113:50:113:63:113:63:113:Infinity":19,"s:115:4:115:Infinity":32,"s:118:2:124:Infinity":33,"f:127:16:127:Infinity":1,"b:133:24:133:Infinity":20,"b:134:20:134:Infinity":21,"s:136:39:136:Infinity":34,"s:138:2:212:Infinity":35,"s:139:19:139:Infinity":36,"b:140:4:140:Infinity:undefined:undefined:undefined:undefined":22,"s:140:4:140:Infinity":37,"s:140:17:140:Infinity":38,"s:142:20:142:Infinity":39,"s:143:20:143:Infinity":40,"s:144:20:144:Infinity":41,"s:146:27:149:Infinity":42,"f:146:32:146:Infinity":2,"s:147:22:147:Infinity":43,"b:147:58:147:62:147:62:147:Infinity":23,"s:150:26:150:Infinity":44,"s:153:12:153:Infinity":45,"s:154:13:154:Infinity":46,"s:155:13:155:Infinity":47,"s:156:13:156:Infinity":48,"s:157:12:157:Infinity":49,"s:158:13:158:Infinity":50,"s:159:12:159:Infinity":51,"b:161:4:172:Infinity:undefined:undefined:undefined:undefined":24,"s:161:4:172:Infinity":52,"s:162:6:162:Infinity":53,"b:163:6:171:Infinity:undefined:undefined:undefined:undefined":25,"s:163:6:171:Infinity":54,"s:164:8:164:Infinity":55,"s:165:8:165:Infinity":56,"b:165:13:165:27:165:27:165:Infinity":26,"s:166:8:166:Infinity":57,"b:166:13:166:27:166:27:166:Infinity":27,"s:167:8:167:Infinity":58,"b:167:13:167:27:167:27:167:Infinity":28,"s:168:8:168:Infinity":59,"b:168:12:168:25:168:25:168:Infinity":29,"s:169:8:169:Infinity":60,"b:169:13:169:27:169:27:169:Infinity":30,"s:170:8:170:Infinity":61,"b:170:12:170:25:170:25:170:Infinity":31,"s:174:22:174:Infinity":62,"s:175:20:175:Infinity":63,"s:176:15:176:Infinity":64,"b:177:4:181:Infinity:undefined:undefined:undefined:undefined":32,"s:177:4:181:Infinity":65,"b:177:8:177:21:177:21:177:30":33,"s:178:12:178:Infinity":66,"s:179:12:179:Infinity":67,"s:180:6:180:Infinity":68,"s:183:15:183:Infinity":69,"b:183:24:183:44:183:44:183:Infinity":34,"s:185:36:185:Infinity":70,"s:186:29:186:Infinity":71,"s:188:21:195:Infinity":72,"s:197:23:202:Infinity":73,"s:204:4:211:Infinity":74,"b:206:19:206:35:206:35:206:Infinity":35,"s:214:2:214:Infinity":75,"f:217:16:217:Infinity":3,"b:223:24:223:Infinity":36,"b:224:20:224:Infinity":37,"s:226:25:226:Infinity":76,"s:228:2:244:Infinity":77,"s:229:20:237:Infinity":78,"s:238:4:243:Infinity":79,"s:239:22:239:Infinity":80,"b:240:6:242:Infinity:undefined:undefined:undefined:undefined":38,"s:240:6:242:Infinity":81,"b:240:10:240:22:240:22:240:66":39,"s:241:8:241:Infinity":82,"s:246:2:249:Infinity":83,"f:246:38:246:43":4,"s:246:70:249:4":84,"f:252:9:252:Infinity":5,"b:258:2:258:Infinity:undefined:undefined:undefined:undefined":40,"s:258:2:258:Infinity":85,"s:258:25:258:Infinity":86,"b:259:2:259:Infinity:undefined:undefined:undefined:undefined":41,"s:259:2:259:Infinity":87,"s:259:29:259:Infinity":88,"b:261:2:262:Infinity:undefined:undefined:undefined:undefined":42,"s:261:2:262:Infinity":89,"s:262:4:262:Infinity":90,"b:263:2:264:Infinity:undefined:undefined:undefined:undefined":43,"s:263:2:264:Infinity":91,"b:263:6:263:24:263:24:263:Infinity":44,"s:264:4:264:Infinity":92,"b:265:2:266:Infinity:undefined:undefined:undefined:undefined":45,"s:265:2:266:Infinity":93,"b:265:6:265:26:265:26:265:Infinity":46,"s:266:4:266:Infinity":94,"s:268:2:268:Infinity":95}}}
,"/Users/bhurivaj/Desktop/Works/dev/web app/structural_analysis/app/src/utils/geometry.ts": {"path":"/Users/bhurivaj/Desktop/Works/dev/web app/structural_analysis/app/src/utils/geometry.ts","statementMap":{"0":{"start":{"line":2,"column":2},"end":{"line":2,"column":null}},"1":{"start":{"line":6,"column":2},"end":{"line":6,"column":null}},"2":{"start":{"line":10,"column":2},"end":{"line":10,"column":null}}},"fnMap":{"0":{"name":"memberLength","decl":{"start":{"line":1,"column":16},"end":{"line":1,"column":29}},"loc":{"start":{"line":1,"column":85},"end":{"line":3,"column":null}},"line":1},"1":{"name":"memberAngle","decl":{"start":{"line":5,"column":16},"end":{"line":5,"column":28}},"loc":{"start":{"line":5,"column":84},"end":{"line":7,"column":null}},"line":5},"2":{"name":"midpoint","decl":{"start":{"line":9,"column":16},"end":{"line":9,"column":25}},"loc":{"start":{"line":9,"column":73},"end":{"line":11,"column":null}},"line":9}},"branchMap":{},"s":{"0":130,"1":134,"2":5},"f":{"0":130,"1":134,"2":5},"b":{},"meta":{"lastBranch":0,"lastFunction":3,"lastStatement":3,"seen":{"f:1:16:1:29":0,"s:2:2:2:Infinity":0,"f:5:16:5:28":1,"s:6:2:6:Infinity":1,"f:9:16:9:25":2,"s:10:2:10:Infinity":2}}}
,"/Users/bhurivaj/Desktop/Works/dev/web app/structural_analysis/app/src/utils/idGen.ts": {"path":"/Users/bhurivaj/Desktop/Works/dev/web app/structural_analysis/app/src/utils/idGen.ts","statementMap":{"0":{"start":{"line":2,"column":2},"end":{"line":2,"column":null}}},"fnMap":{"0":{"name":"generateId","decl":{"start":{"line":1,"column":16},"end":{"line":1,"column":37}},"loc":{"start":{"line":1,"column":37},"end":{"line":3,"column":null}},"line":1}},"branchMap":{},"s":{"0":120},"f":{"0":120},"b":{},"meta":{"lastBranch":0,"lastFunction":1,"lastStatement":1,"seen":{"f:1:16:1:37":0,"s:2:2:2:Infinity":0}}}
}
